#
# A fatal error has been detected by the Java Runtime Environment:
#
#  EXCEPTION_ACCESS_VIOLATION (0xc0000005) at pc=0x0000000076224606, pid=9312, tid=9256
#
# JRE version: Java(TM) SE Runtime Environment (8.0_51-b16) (build 1.8.0_51-b16)
# Java VM: Java HotSpot(TM) 64-Bit Server VM (25.51-b03 mixed mode windows-amd64 compressed oops)
# Problematic frame:
# V  [jvm.dll+0x504606]
#
# Failed to write core dump. Minidumps are not enabled by default on client versions of Windows
#
# If you would like to submit a bug report, please visit:
#   http://bugreport.java.com/bugreport/crash.jsp
#

---------------  T H R E A D  ---------------

Current thread (0x000000002fc7d800):  JavaThread "C2 CompilerThread2" daemon [_thread_in_native, id=9256, stack(0x00000000304a0000,0x00000000305a0000)]

siginfo: ExceptionCode=0xc0000005, reading address 0xffffffffffffffff

Registers:
RAX=0x0000000000000000, RBX=0x00000000307b6ba0, RCX=0x0000000041c50748, RDX=0x0000000000000079
RSP=0x000000003059bf70, RBP=0x00000000000003d8, RSI=0x000000000000007b, RDI=0x0000000041c50748
R8 =0x00000000000003c8, R9 =0x0000000000000002, R10=0x0000000000000100, R11=0x000000003059c500
R12=0x00000000421dc800, R13=0x0000000000000002, R14=0x00000000421dc840, R15=0x0000000000000000
RIP=0x0000000076224606, EFLAGS=0x0000000000010246

Top of Stack: (sp=0x000000003059bf70)
0x000000003059bf70:   000000000000000d 0000000030799670
0x000000003059bf80:   00000000000000d7 0000000076223e8c
0x000000003059bf90:   0000000048aa4e20 00000000421dc840
0x000000003059bfa0:   00000000421dc800 0000000075dec23a
0x000000003059bfb0:   00000000000000d7 0000000000000000
0x000000003059bfc0:   0000000000000001 00000000307b6ba0
0x000000003059bfd0:   0000000000000002 00000000421dc800
0x000000003059bfe0:   00000000421dc840 0000000000000003
0x000000003059bff0:   0000000048aa4e20 0000000000000000
0x000000003059c000:   000000003eb894d8 000000003059c120
0x000000003059c010:   0000000000000001 0000000076225765
0x000000003059c020:   000000003059c500 000000003eb894d8
0x000000003059c030:   0000000000000001 0000000048aa4e20
0x000000003059c040:   00000000421dc840 00000000421dc800
0x000000003059c050:   0000000000000002 0000000000000006
0x000000003059c060:   0000000048aa4e20 000000200000000a 

Instructions: (pc=0x0000000076224606)
0x00000000762245e6:   cf 0f 85 34 01 00 00 49 ff c1 ff ca 49 83 e8 08
0x00000000762245f6:   4d 3b cd 7c d5 48 3b fb 74 61 48 83 7c 24 48 00
0x0000000076224606:   0f 84 13 01 00 00 48 85 ff 0f 84 0a 01 00 00 48
0x0000000076224616:   8b 07 48 8b cf ff 50 28 48 3b 44 24 48 0f 85 ee 


Register to memory mapping:

RAX=0x0000000000000000 is an unknown value
RBX=0x00000000307b6ba0 is an unknown value
RCX=0x0000000041c50748 is an unknown value
RDX=0x0000000000000079 is an unknown value
RSP=0x000000003059bf70 is pointing into the stack for thread: 0x000000002fc7d800
RBP=0x00000000000003d8 is an unknown value
RSI=0x000000000000007b is an unknown value
RDI=0x0000000041c50748 is an unknown value
R8 =0x00000000000003c8 is an unknown value
R9 =0x0000000000000002 is an unknown value
R10=0x0000000000000100 is an unknown value
R11=0x000000003059c500 is pointing into the stack for thread: 0x000000002fc7d800
R12=0x00000000421dc800 is an unknown value
R13=0x0000000000000002 is an unknown value
R14=0x00000000421dc840 is an unknown value
R15=0x0000000000000000 is an unknown value


Stack: [0x00000000304a0000,0x00000000305a0000],  sp=0x000000003059bf70,  free space=1007k
Native frames: (J=compiled Java code, j=interpreted, Vv=VM code, C=native code)
V  [jvm.dll+0x504606]
V  [jvm.dll+0x505765]
V  [jvm.dll+0x45fa33]
V  [jvm.dll+0x46a7cb]
V  [jvm.dll+0x46cde2]
V  [jvm.dll+0x4501a2]
V  [jvm.dll+0xa43a2]
V  [jvm.dll+0xa4cdf]
V  [jvm.dll+0x2418a4]
V  [jvm.dll+0x29846a]
C  [msvcr100.dll+0x21d9f]
C  [msvcr100.dll+0x21e3b]
C  [KERNEL32.DLL+0x17034]
C  [ntdll.dll+0x52651]


Current CompileTask:
C2:  43589 13284   !   4       java.io.BufferedReader::readLine (304 bytes)


---------------  P R O C E S S  ---------------

Java Threads: ( => current thread )
  0x000000003cf64000 JavaThread "Keep-Alive-Timer" daemon [_thread_blocked, id=1344, stack(0x000000004a9f0000,0x000000004aaf0000)]
  0x000000003cf62800 JavaThread "Hats Hat Reader Thread" daemon [_thread_blocked, id=13416, stack(0x000000003b3f0000,0x000000003b4f0000)]
  0x000000003cf63000 JavaThread "modloading-worker-0" daemon [_thread_blocked, id=14532, stack(0x0000000049de0000,0x0000000049ee0000)]
  0x000000003cf67000 JavaThread "modloading-worker-7" daemon [_thread_blocked, id=3884, stack(0x0000000049ce0000,0x0000000049de0000)]
  0x000000003cf61000 JavaThread "modloading-worker-6" daemon [_thread_blocked, id=9612, stack(0x0000000049be0000,0x0000000049ce0000)]
  0x000000003cf66000 JavaThread "modloading-worker-5" daemon [_thread_blocked, id=7816, stack(0x0000000049ae0000,0x0000000049be0000)]
  0x000000003cf5e800 JavaThread "modloading-worker-4" daemon [_thread_blocked, id=15344, stack(0x0000000046610000,0x0000000046710000)]
  0x000000003cf61800 JavaThread "modloading-worker-3" daemon [_thread_blocked, id=6376, stack(0x0000000045330000,0x0000000045430000)]
  0x000000003cf5e000 JavaThread "modloading-worker-2" daemon [_thread_blocked, id=840, stack(0x000000003d3d0000,0x000000003d4d0000)]
  0x000000003cf58800 JavaThread "modloading-worker-1" daemon [_thread_blocked, id=15140, stack(0x000000003b7e0000,0x000000003b8e0000)]
  0x000000003cf5d000 JavaThread "Snooper Timer" daemon [_thread_blocked, id=5788, stack(0x0000000041170000,0x0000000041270000)]
  0x000000003cf5c800 JavaThread "Timer hack thread" daemon [_thread_blocked, id=6780, stack(0x000000003e4c0000,0x000000003e5c0000)]
  0x000000003cf59800 JavaThread "Worker-Bootstrap-7" daemon [_thread_blocked, id=10904, stack(0x0000000043240000,0x0000000043340000)]
  0x000000003cf5b800 JavaThread "Worker-Bootstrap-6" daemon [_thread_in_Java, id=12020, stack(0x0000000043140000,0x0000000043240000)]
  0x000000003c956800 JavaThread "Worker-Bootstrap-5" daemon [_thread_blocked, id=17000, stack(0x0000000040b30000,0x0000000040c30000)]
  0x000000003c955000 JavaThread "Worker-Bootstrap-4" daemon [_thread_in_Java, id=16140, stack(0x000000003ad10000,0x000000003ae10000)]
  0x000000003c954000 JavaThread "Worker-Bootstrap-3" daemon [_thread_in_Java, id=6172, stack(0x000000003a7e0000,0x000000003a8e0000)]
  0x0000000040207000 JavaThread "Worker-Bootstrap-2" daemon [_thread_in_Java, id=13936, stack(0x000000003a660000,0x000000003a760000)]
  0x0000000031fbb800 JavaThread "Worker-Bootstrap-1" daemon [_thread_in_Java, id=16492, stack(0x0000000032ab0000,0x0000000032bb0000)]
  0x0000000030ebf000 JavaThread "Thread-2" daemon [_thread_in_native, id=9684, stack(0x00000000332b0000,0x00000000333b0000)]
  0x0000000030ebe000 JavaThread "Thread-1" daemon [_thread_blocked, id=10516, stack(0x00000000331b0000,0x00000000332b0000)]
  0x000000002fc9e800 JavaThread "Service Thread" daemon [_thread_blocked, id=15896, stack(0x0000000030aa0000,0x0000000030ba0000)]
  0x000000002fc7f000 JavaThread "C1 CompilerThread3" daemon [_thread_blocked, id=13724, stack(0x00000000305a0000,0x00000000306a0000)]
=>0x000000002fc7d800 JavaThread "C2 CompilerThread2" daemon [_thread_in_native, id=9256, stack(0x00000000304a0000,0x00000000305a0000)]
  0x000000002fc7d000 JavaThread "C2 CompilerThread1" daemon [_thread_blocked, id=5524, stack(0x00000000303a0000,0x00000000304a0000)]
  0x000000002fc78800 JavaThread "C2 CompilerThread0" daemon [_thread_in_native, id=14056, stack(0x00000000302a0000,0x00000000303a0000)]
  0x000000002fc78000 JavaThread "Attach Listener" daemon [_thread_blocked, id=16552, stack(0x00000000301a0000,0x00000000302a0000)]
  0x000000002fc2e000 JavaThread "Signal Dispatcher" daemon [_thread_blocked, id=10668, stack(0x00000000300a0000,0x00000000301a0000)]
  0x000000002fc2d800 JavaThread "Surrogate Locker Thread (Concurrent GC)" daemon [_thread_blocked, id=2068, stack(0x000000002ffa0000,0x00000000300a0000)]
  0x000000002fc18800 JavaThread "Finalizer" daemon [_thread_blocked, id=1264, stack(0x000000002fea0000,0x000000002ffa0000)]
  0x000000002fc0c000 JavaThread "Reference Handler" daemon [_thread_blocked, id=7236, stack(0x000000002fda0000,0x000000002fea0000)]
  0x00000000025d4000 JavaThread "Render thread" [_thread_in_Java, id=2028, stack(0x00000000024d0000,0x00000000025d0000)]

Other Threads:
  0x000000002fbd8800 VMThread [stack: 0x000000002fca0000,0x000000002fda0000] [id=12616]
  0x000000003071a800 WatcherThread [stack: 0x0000000030ba0000,0x0000000030ca0000] [id=15752]

VM state:not at safepoint (normal execution)

VM Mutex/Monitor currently owned by a thread: None

Heap:
 garbage-first heap   total 5472256K, used 1689418K [0x0000000540000000, 0x0000000542000538, 0x00000007c0000000)
  region size 32768K, 39 young (1277952K), 4 survivors (131072K)
 Metaspace       used 96058K, capacity 107277K, committed 107472K, reserved 1138688K
  class space    used 15492K, capacity 18862K, committed 18896K, reserved 1048576K

Heap Regions: (Y=young(eden), SU=young(survivor), HS=humongous(starts), HC=humongous(continues), CS=collection set, F=free, TS=gc time stamp, PTAMS=previous top-at-mark-start, NTAMS=next top-at-mark-start)
AC   0  O    TS     0 PTAMS 0x0000000542000000 NTAMS 0x0000000542000000 space 32768K, 100% used [0x0000000540000000, 0x0000000542000000)
AC   0  O    TS     0 PTAMS 0x0000000544000000 NTAMS 0x0000000544000000 space 32768K, 100% used [0x0000000542000000, 0x0000000544000000)
AC   0  O    TS     0 PTAMS 0x0000000546000000 NTAMS 0x0000000546000000 space 32768K, 100% used [0x0000000544000000, 0x0000000546000000)
AC   0  O    TS     0 PTAMS 0x000000054602c800 NTAMS 0x000000054602c800 space 32768K,   0% used [0x0000000546000000, 0x0000000548000000)
AC   0  O    TS     0 PTAMS 0x000000054a000000 NTAMS 0x000000054a000000 space 32768K, 100% used [0x0000000548000000, 0x000000054a000000)
AC   0  F    TS     0 PTAMS 0x000000054a000000 NTAMS 0x000000054a000000 space 32768K,   0% used [0x000000054a000000, 0x000000054c000000)
AC   0  O    TS     0 PTAMS 0x000000054e000000 NTAMS 0x000000054e000000 space 32768K, 100% used [0x000000054c000000, 0x000000054e000000)
AC   0  O    TS     0 PTAMS 0x0000000550000000 NTAMS 0x0000000550000000 space 32768K, 100% used [0x000000054e000000, 0x0000000550000000)
AC   0  F    TS     0 PTAMS 0x0000000550000000 NTAMS 0x0000000550000000 space 32768K,   0% used [0x0000000550000000, 0x0000000552000000)
AC   0  O    TS     0 PTAMS 0x0000000554000000 NTAMS 0x0000000554000000 space 32768K, 100% used [0x0000000552000000, 0x0000000554000000)
AC   0  O    TS     0 PTAMS 0x0000000556000000 NTAMS 0x0000000556000000 space 32768K, 100% used [0x0000000554000000, 0x0000000556000000)
AC   0  O    TS     0 PTAMS 0x0000000558000000 NTAMS 0x0000000558000000 space 32768K, 100% used [0x0000000556000000, 0x0000000558000000)
AC   0  O    TS     0 PTAMS 0x000000055a000000 NTAMS 0x000000055a000000 space 32768K, 100% used [0x0000000558000000, 0x000000055a000000)
AC   0  O    TS     0 PTAMS 0x000000055c000000 NTAMS 0x000000055c000000 space 32768K, 100% used [0x000000055a000000, 0x000000055c000000)
AC   0  O    TS     0 PTAMS 0x000000055e000000 NTAMS 0x000000055e000000 space 32768K, 100% used [0x000000055c000000, 0x000000055e000000)
AC   0  O    TS     0 PTAMS 0x0000000560000000 NTAMS 0x0000000560000000 space 32768K, 100% used [0x000000055e000000, 0x0000000560000000)
AC   0  O    TS     0 PTAMS 0x0000000562000000 NTAMS 0x0000000562000000 space 32768K, 100% used [0x0000000560000000, 0x0000000562000000)
AC   0  F    TS     0 PTAMS 0x0000000562000000 NTAMS 0x0000000562000000 space 32768K,   0% used [0x0000000562000000, 0x0000000564000000)
AC   0  F    TS     0 PTAMS 0x0000000564000000 NTAMS 0x0000000564000000 space 32768K,   0% used [0x0000000564000000, 0x0000000566000000)
AC   0  F    TS     0 PTAMS 0x0000000566000000 NTAMS 0x0000000566000000 space 32768K,   0% used [0x0000000566000000, 0x0000000568000000)
AC   0  F    TS     0 PTAMS 0x0000000568000000 NTAMS 0x0000000568000000 space 32768K,   0% used [0x0000000568000000, 0x000000056a000000)
AC   0  F    TS     0 PTAMS 0x000000056a000000 NTAMS 0x000000056a000000 space 32768K,   0% used [0x000000056a000000, 0x000000056c000000)
AC   0  F    TS     0 PTAMS 0x000000056c000000 NTAMS 0x000000056c000000 space 32768K,   0% used [0x000000056c000000, 0x000000056e000000)
AC   0  F    TS     0 PTAMS 0x000000056e000000 NTAMS 0x000000056e000000 space 32768K,   0% used [0x000000056e000000, 0x0000000570000000)
AC   0  F    TS     0 PTAMS 0x0000000570000000 NTAMS 0x0000000570000000 space 32768K,   0% used [0x0000000570000000, 0x0000000572000000)
AC   0  F    TS     0 PTAMS 0x0000000572000000 NTAMS 0x0000000572000000 space 32768K,   0% used [0x0000000572000000, 0x0000000574000000)
AC   0  F    TS     0 PTAMS 0x0000000574000000 NTAMS 0x0000000574000000 space 32768K,   0% used [0x0000000574000000, 0x0000000576000000)
AC   0  F    TS     0 PTAMS 0x0000000576000000 NTAMS 0x0000000576000000 space 32768K,   0% used [0x0000000576000000, 0x0000000578000000)
AC   0  F    TS     0 PTAMS 0x0000000578000000 NTAMS 0x0000000578000000 space 32768K,   0% used [0x0000000578000000, 0x000000057a000000)
AC   0  F    TS     0 PTAMS 0x000000057a000000 NTAMS 0x000000057a000000 space 32768K,   0% used [0x000000057a000000, 0x000000057c000000)
AC   0  F    TS     0 PTAMS 0x000000057c000000 NTAMS 0x000000057c000000 space 32768K,   0% used [0x000000057c000000, 0x000000057e000000)
AC   0  F    TS     0 PTAMS 0x000000057e000000 NTAMS 0x000000057e000000 space 32768K,   0% used [0x000000057e000000, 0x0000000580000000)
AC   0  F    TS     0 PTAMS 0x0000000580000000 NTAMS 0x0000000580000000 space 32768K,   0% used [0x0000000580000000, 0x0000000582000000)
AC   0  F    TS     0 PTAMS 0x0000000582000000 NTAMS 0x0000000582000000 space 32768K,   0% used [0x0000000582000000, 0x0000000584000000)
AC   0  F    TS     0 PTAMS 0x0000000584000000 NTAMS 0x0000000584000000 space 32768K,   0% used [0x0000000584000000, 0x0000000586000000)
AC   0  F    TS     0 PTAMS 0x0000000586000000 NTAMS 0x0000000586000000 space 32768K,   0% used [0x0000000586000000, 0x0000000588000000)
AC   0  F    TS     0 PTAMS 0x0000000588000000 NTAMS 0x0000000588000000 space 32768K,   0% used [0x0000000588000000, 0x000000058a000000)
AC   0  F    TS     0 PTAMS 0x000000058a000000 NTAMS 0x000000058a000000 space 32768K,   0% used [0x000000058a000000, 0x000000058c000000)
AC   0  F    TS     0 PTAMS 0x000000058c000000 NTAMS 0x000000058c000000 space 32768K,   0% used [0x000000058c000000, 0x000000058e000000)
AC   0  F    TS     0 PTAMS 0x000000058e000000 NTAMS 0x000000058e000000 space 32768K,   0% used [0x000000058e000000, 0x0000000590000000)
AC   0  F    TS     0 PTAMS 0x0000000590000000 NTAMS 0x0000000590000000 space 32768K,   0% used [0x0000000590000000, 0x0000000592000000)
AC   0  F    TS     0 PTAMS 0x0000000592000000 NTAMS 0x0000000592000000 space 32768K,   0% used [0x0000000592000000, 0x0000000594000000)
AC   0  F    TS     0 PTAMS 0x0000000594000000 NTAMS 0x0000000594000000 space 32768K,   0% used [0x0000000594000000, 0x0000000596000000)
AC   0  F    TS     0 PTAMS 0x0000000596000000 NTAMS 0x0000000596000000 space 32768K,   0% used [0x0000000596000000, 0x0000000598000000)
AC   0  F    TS     0 PTAMS 0x0000000598000000 NTAMS 0x0000000598000000 space 32768K,   0% used [0x0000000598000000, 0x000000059a000000)
AC   0  F    TS     0 PTAMS 0x000000059a000000 NTAMS 0x000000059a000000 space 32768K,   0% used [0x000000059a000000, 0x000000059c000000)
AC   0  F    TS     0 PTAMS 0x000000059c000000 NTAMS 0x000000059c000000 space 32768K,   0% used [0x000000059c000000, 0x000000059e000000)
AC   0  F    TS     0 PTAMS 0x000000059e000000 NTAMS 0x000000059e000000 space 32768K,   0% used [0x000000059e000000, 0x00000005a0000000)
AC   0  F    TS     0 PTAMS 0x00000005a0000000 NTAMS 0x00000005a0000000 space 32768K,   0% used [0x00000005a0000000, 0x00000005a2000000)
AC   0  F    TS     0 PTAMS 0x00000005a2000000 NTAMS 0x00000005a2000000 space 32768K,   0% used [0x00000005a2000000, 0x00000005a4000000)
AC   0  F    TS     0 PTAMS 0x00000005a4000000 NTAMS 0x00000005a4000000 space 32768K,   0% used [0x00000005a4000000, 0x00000005a6000000)
AC   0  F    TS     0 PTAMS 0x00000005a6000000 NTAMS 0x00000005a6000000 space 32768K,   0% used [0x00000005a6000000, 0x00000005a8000000)
AC   0  F    TS     0 PTAMS 0x00000005a8000000 NTAMS 0x00000005a8000000 space 32768K,   0% used [0x00000005a8000000, 0x00000005aa000000)
AC   0  F    TS     0 PTAMS 0x00000005aa000000 NTAMS 0x00000005aa000000 space 32768K,   0% used [0x00000005aa000000, 0x00000005ac000000)
AC   0  F    TS     0 PTAMS 0x00000005ac000000 NTAMS 0x00000005ac000000 space 32768K,   0% used [0x00000005ac000000, 0x00000005ae000000)
AC   0  F    TS     0 PTAMS 0x00000005ae000000 NTAMS 0x00000005ae000000 space 32768K,   0% used [0x00000005ae000000, 0x00000005b0000000)
AC   0  F    TS     0 PTAMS 0x00000005b0000000 NTAMS 0x00000005b0000000 space 32768K,   0% used [0x00000005b0000000, 0x00000005b2000000)
AC   0  F    TS     0 PTAMS 0x00000005b2000000 NTAMS 0x00000005b2000000 space 32768K,   0% used [0x00000005b2000000, 0x00000005b4000000)
AC   0  F    TS     0 PTAMS 0x00000005b4000000 NTAMS 0x00000005b4000000 space 32768K,   0% used [0x00000005b4000000, 0x00000005b6000000)
AC   0  F    TS     0 PTAMS 0x00000005b6000000 NTAMS 0x00000005b6000000 space 32768K,   0% used [0x00000005b6000000, 0x00000005b8000000)
AC   0  F    TS     0 PTAMS 0x00000005b8000000 NTAMS 0x00000005b8000000 space 32768K,   0% used [0x00000005b8000000, 0x00000005ba000000)
AC   0  F    TS     0 PTAMS 0x00000005ba000000 NTAMS 0x00000005ba000000 space 32768K,   0% used [0x00000005ba000000, 0x00000005bc000000)
AC   0  F    TS     0 PTAMS 0x00000005bc000000 NTAMS 0x00000005bc000000 space 32768K,   0% used [0x00000005bc000000, 0x00000005be000000)
AC   0  F    TS     0 PTAMS 0x00000005be000000 NTAMS 0x00000005be000000 space 32768K,   0% used [0x00000005be000000, 0x00000005c0000000)
AC   0  F    TS     0 PTAMS 0x00000005c0000000 NTAMS 0x00000005c0000000 space 32768K,   0% used [0x00000005c0000000, 0x00000005c2000000)
AC   0  F    TS     0 PTAMS 0x00000005c2000000 NTAMS 0x00000005c2000000 space 32768K,   0% used [0x00000005c2000000, 0x00000005c4000000)
AC   0  F    TS     0 PTAMS 0x00000005c4000000 NTAMS 0x00000005c4000000 space 32768K,   0% used [0x00000005c4000000, 0x00000005c6000000)
AC   0  F    TS     0 PTAMS 0x00000005c6000000 NTAMS 0x00000005c6000000 space 32768K,   0% used [0x00000005c6000000, 0x00000005c8000000)
AC   0  F    TS     0 PTAMS 0x00000005c8000000 NTAMS 0x00000005c8000000 space 32768K,   0% used [0x00000005c8000000, 0x00000005ca000000)
AC   0  F    TS     0 PTAMS 0x00000005ca000000 NTAMS 0x00000005ca000000 space 32768K,   0% used [0x00000005ca000000, 0x00000005cc000000)
AC   0  F    TS     0 PTAMS 0x00000005cc000000 NTAMS 0x00000005cc000000 space 32768K,   0% used [0x00000005cc000000, 0x00000005ce000000)
AC   0  F    TS     0 PTAMS 0x00000005ce000000 NTAMS 0x00000005ce000000 space 32768K,   0% used [0x00000005ce000000, 0x00000005d0000000)
AC   0  F    TS     0 PTAMS 0x00000005d0000000 NTAMS 0x00000005d0000000 space 32768K,   0% used [0x00000005d0000000, 0x00000005d2000000)
AC   0  F    TS     0 PTAMS 0x00000005d2000000 NTAMS 0x00000005d2000000 space 32768K,   0% used [0x00000005d2000000, 0x00000005d4000000)
AC   0  F    TS     0 PTAMS 0x00000005d4000000 NTAMS 0x00000005d4000000 space 32768K,   0% used [0x00000005d4000000, 0x00000005d6000000)
AC   0  F    TS     0 PTAMS 0x00000005d6000000 NTAMS 0x00000005d6000000 space 32768K,   0% used [0x00000005d6000000, 0x00000005d8000000)
AC   0  F    TS     0 PTAMS 0x00000005d8000000 NTAMS 0x00000005d8000000 space 32768K,   0% used [0x00000005d8000000, 0x00000005da000000)
AC   0  F    TS     0 PTAMS 0x00000005da000000 NTAMS 0x00000005da000000 space 32768K,   0% used [0x00000005da000000, 0x00000005dc000000)
AC   0  F    TS     0 PTAMS 0x00000005dc000000 NTAMS 0x00000005dc000000 space 32768K,   0% used [0x00000005dc000000, 0x00000005de000000)
AC   0  F    TS     0 PTAMS 0x00000005de000000 NTAMS 0x00000005de000000 space 32768K,   0% used [0x00000005de000000, 0x00000005e0000000)
AC   0  F    TS     0 PTAMS 0x00000005e0000000 NTAMS 0x00000005e0000000 space 32768K,   0% used [0x00000005e0000000, 0x00000005e2000000)
AC   0  F    TS     0 PTAMS 0x00000005e2000000 NTAMS 0x00000005e2000000 space 32768K,   0% used [0x00000005e2000000, 0x00000005e4000000)
AC   0  F    TS     0 PTAMS 0x00000005e4000000 NTAMS 0x00000005e4000000 space 32768K,   0% used [0x00000005e4000000, 0x00000005e6000000)
AC   0  F    TS     0 PTAMS 0x00000005e6000000 NTAMS 0x00000005e6000000 space 32768K,   0% used [0x00000005e6000000, 0x00000005e8000000)
AC   0  F    TS     0 PTAMS 0x00000005e8000000 NTAMS 0x00000005e8000000 space 32768K,   0% used [0x00000005e8000000, 0x00000005ea000000)
AC   0  F    TS     0 PTAMS 0x00000005ea000000 NTAMS 0x00000005ea000000 space 32768K,   0% used [0x00000005ea000000, 0x00000005ec000000)
AC   0  F    TS     0 PTAMS 0x00000005ec000000 NTAMS 0x00000005ec000000 space 32768K,   0% used [0x00000005ec000000, 0x00000005ee000000)
AC   0  F    TS     0 PTAMS 0x00000005ee000000 NTAMS 0x00000005ee000000 space 32768K,   0% used [0x00000005ee000000, 0x00000005f0000000)
AC   0  F    TS     0 PTAMS 0x00000005f0000000 NTAMS 0x00000005f0000000 space 32768K,   0% used [0x00000005f0000000, 0x00000005f2000000)
AC   0  F    TS     0 PTAMS 0x00000005f2000000 NTAMS 0x00000005f2000000 space 32768K,   0% used [0x00000005f2000000, 0x00000005f4000000)
AC   0  F    TS     0 PTAMS 0x00000005f4000000 NTAMS 0x00000005f4000000 space 32768K,   0% used [0x00000005f4000000, 0x00000005f6000000)
AC   0  F    TS     0 PTAMS 0x00000005f6000000 NTAMS 0x00000005f6000000 space 32768K,   0% used [0x00000005f6000000, 0x00000005f8000000)
AC   0  F    TS     0 PTAMS 0x00000005f8000000 NTAMS 0x00000005f8000000 space 32768K,   0% used [0x00000005f8000000, 0x00000005fa000000)
AC   0  F    TS     0 PTAMS 0x00000005fa000000 NTAMS 0x00000005fa000000 space 32768K,   0% used [0x00000005fa000000, 0x00000005fc000000)
AC   0  F    TS     0 PTAMS 0x00000005fc000000 NTAMS 0x00000005fc000000 space 32768K,   0% used [0x00000005fc000000, 0x00000005fe000000)
AC   0  F    TS     0 PTAMS 0x00000005fe000000 NTAMS 0x00000005fe000000 space 32768K,   0% used [0x00000005fe000000, 0x0000000600000000)
AC   0  F    TS     0 PTAMS 0x0000000600000000 NTAMS 0x0000000600000000 space 32768K,   0% used [0x0000000600000000, 0x0000000602000000)
AC   0  F    TS     0 PTAMS 0x0000000602000000 NTAMS 0x0000000602000000 space 32768K,   0% used [0x0000000602000000, 0x0000000604000000)
AC   0  F    TS     0 PTAMS 0x0000000604000000 NTAMS 0x0000000604000000 space 32768K,   0% used [0x0000000604000000, 0x0000000606000000)
AC   0  F    TS     0 PTAMS 0x0000000606000000 NTAMS 0x0000000606000000 space 32768K,   0% used [0x0000000606000000, 0x0000000608000000)
AC   0  F    TS     0 PTAMS 0x0000000608000000 NTAMS 0x0000000608000000 space 32768K,   0% used [0x0000000608000000, 0x000000060a000000)
AC   0  F    TS     0 PTAMS 0x000000060a000000 NTAMS 0x000000060a000000 space 32768K,   0% used [0x000000060a000000, 0x000000060c000000)
AC   0  F    TS     0 PTAMS 0x000000060c000000 NTAMS 0x000000060c000000 space 32768K,   0% used [0x000000060c000000, 0x000000060e000000)
AC   0  F    TS     0 PTAMS 0x000000060e000000 NTAMS 0x000000060e000000 space 32768K,   0% used [0x000000060e000000, 0x0000000610000000)
AC   0  F    TS     0 PTAMS 0x0000000610000000 NTAMS 0x0000000610000000 space 32768K,   0% used [0x0000000610000000, 0x0000000612000000)
AC   0  F    TS     0 PTAMS 0x0000000612000000 NTAMS 0x0000000612000000 space 32768K,   0% used [0x0000000612000000, 0x0000000614000000)
AC   0  F    TS     0 PTAMS 0x0000000614000000 NTAMS 0x0000000614000000 space 32768K,   0% used [0x0000000614000000, 0x0000000616000000)
AC   0  F    TS     0 PTAMS 0x0000000616000000 NTAMS 0x0000000616000000 space 32768K,   0% used [0x0000000616000000, 0x0000000618000000)
AC   0  F    TS     0 PTAMS 0x0000000618000000 NTAMS 0x0000000618000000 space 32768K,   0% used [0x0000000618000000, 0x000000061a000000)
AC   0  F    TS     0 PTAMS 0x000000061a000000 NTAMS 0x000000061a000000 space 32768K,   0% used [0x000000061a000000, 0x000000061c000000)
AC   0  F    TS     0 PTAMS 0x000000061c000000 NTAMS 0x000000061c000000 space 32768K,   0% used [0x000000061c000000, 0x000000061e000000)
AC   0  F    TS     0 PTAMS 0x000000061e000000 NTAMS 0x000000061e000000 space 32768K,   0% used [0x000000061e000000, 0x0000000620000000)
AC   0  F    TS     0 PTAMS 0x0000000620000000 NTAMS 0x0000000620000000 space 32768K,   0% used [0x0000000620000000, 0x0000000622000000)
AC   0  F    TS     0 PTAMS 0x0000000622000000 NTAMS 0x0000000622000000 space 32768K,   0% used [0x0000000622000000, 0x0000000624000000)
AC   0  F    TS     0 PTAMS 0x0000000624000000 NTAMS 0x0000000624000000 space 32768K,   0% used [0x0000000624000000, 0x0000000626000000)
AC   0  F    TS     0 PTAMS 0x0000000626000000 NTAMS 0x0000000626000000 space 32768K,   0% used [0x0000000626000000, 0x0000000628000000)
AC   0  F    TS     0 PTAMS 0x0000000628000000 NTAMS 0x0000000628000000 space 32768K,   0% used [0x0000000628000000, 0x000000062a000000)
AC   0  F    TS     0 PTAMS 0x000000062a000000 NTAMS 0x000000062a000000 space 32768K,   0% used [0x000000062a000000, 0x000000062c000000)
AC   0  F    TS     0 PTAMS 0x000000062c000000 NTAMS 0x000000062c000000 space 32768K,   0% used [0x000000062c000000, 0x000000062e000000)
AC   0  F    TS     0 PTAMS 0x000000062e000000 NTAMS 0x000000062e000000 space 32768K,   0% used [0x000000062e000000, 0x0000000630000000)
AC   0  F    TS     0 PTAMS 0x0000000630000000 NTAMS 0x0000000630000000 space 32768K,   0% used [0x0000000630000000, 0x0000000632000000)
AC   0  F    TS     0 PTAMS 0x0000000632000000 NTAMS 0x0000000632000000 space 32768K,   0% used [0x0000000632000000, 0x0000000634000000)
AC   0  F    TS     0 PTAMS 0x0000000634000000 NTAMS 0x0000000634000000 space 32768K,   0% used [0x0000000634000000, 0x0000000636000000)
AC   0  F    TS     0 PTAMS 0x0000000636000000 NTAMS 0x0000000636000000 space 32768K,   0% used [0x0000000636000000, 0x0000000638000000)
AC   0  F    TS     0 PTAMS 0x0000000638000000 NTAMS 0x0000000638000000 space 32768K,   0% used [0x0000000638000000, 0x000000063a000000)
AC   0  F    TS     0 PTAMS 0x000000063a000000 NTAMS 0x000000063a000000 space 32768K,   0% used [0x000000063a000000, 0x000000063c000000)
AC   0  F    TS     0 PTAMS 0x000000063c000000 NTAMS 0x000000063c000000 space 32768K,   0% used [0x000000063c000000, 0x000000063e000000)
AC   0  F    TS     0 PTAMS 0x000000063e000000 NTAMS 0x000000063e000000 space 32768K,   0% used [0x000000063e000000, 0x0000000640000000)
AC   0  E    TS     0 PTAMS 0x0000000640000000 NTAMS 0x0000000640000000 space 32768K,  93% used [0x0000000640000000, 0x0000000642000000)
AC   0  E CS TS     0 PTAMS 0x0000000642000000 NTAMS 0x0000000642000000 space 32768K, 100% used [0x0000000642000000, 0x0000000644000000)
AC   0  E CS TS     0 PTAMS 0x0000000644000000 NTAMS 0x0000000644000000 space 32768K, 100% used [0x0000000644000000, 0x0000000646000000)
AC   0  E CS TS     0 PTAMS 0x0000000646000000 NTAMS 0x0000000646000000 space 32768K, 100% used [0x0000000646000000, 0x0000000648000000)
AC   0  E CS TS     0 PTAMS 0x0000000648000000 NTAMS 0x0000000648000000 space 32768K, 100% used [0x0000000648000000, 0x000000064a000000)
AC   0  E CS TS     0 PTAMS 0x000000064a000000 NTAMS 0x000000064a000000 space 32768K, 100% used [0x000000064a000000, 0x000000064c000000)
AC   0  E CS TS     0 PTAMS 0x000000064c000000 NTAMS 0x000000064c000000 space 32768K, 100% used [0x000000064c000000, 0x000000064e000000)
AC   0  E CS TS     0 PTAMS 0x000000064e000000 NTAMS 0x000000064e000000 space 32768K, 100% used [0x000000064e000000, 0x0000000650000000)
AC   0  E CS TS     0 PTAMS 0x0000000650000000 NTAMS 0x0000000650000000 space 32768K, 100% used [0x0000000650000000, 0x0000000652000000)
AC   0  E CS TS     0 PTAMS 0x0000000652000000 NTAMS 0x0000000652000000 space 32768K, 100% used [0x0000000652000000, 0x0000000654000000)
AC   0  E CS TS     0 PTAMS 0x0000000654000000 NTAMS 0x0000000654000000 space 32768K, 100% used [0x0000000654000000, 0x0000000656000000)
AC   0  E CS TS     0 PTAMS 0x0000000656000000 NTAMS 0x0000000656000000 space 32768K, 100% used [0x0000000656000000, 0x0000000658000000)
AC   0  E CS TS     0 PTAMS 0x0000000658000000 NTAMS 0x0000000658000000 space 32768K, 100% used [0x0000000658000000, 0x000000065a000000)
AC   0  S CS TS     0 PTAMS 0x000000065a000000 NTAMS 0x000000065a000000 space 32768K,  55% used [0x000000065a000000, 0x000000065c000000)
AC   0  S CS TS     0 PTAMS 0x000000065c000000 NTAMS 0x000000065c000000 space 32768K, 100% used [0x000000065c000000, 0x000000065e000000)
AC   0  S CS TS     0 PTAMS 0x000000065e000000 NTAMS 0x000000065e000000 space 32768K, 100% used [0x000000065e000000, 0x0000000660000000)
AC   0  S CS TS     0 PTAMS 0x0000000660000000 NTAMS 0x0000000660000000 space 32768K, 100% used [0x0000000660000000, 0x0000000662000000)
AC   0  E CS TS     0 PTAMS 0x0000000662000000 NTAMS 0x0000000662000000 space 32768K, 100% used [0x0000000662000000, 0x0000000664000000)
AC   0  E CS TS     0 PTAMS 0x0000000664000000 NTAMS 0x0000000664000000 space 32768K, 100% used [0x0000000664000000, 0x0000000666000000)
AC   0  E CS TS     0 PTAMS 0x0000000666000000 NTAMS 0x0000000666000000 space 32768K, 100% used [0x0000000666000000, 0x0000000668000000)
AC   0  E CS TS     0 PTAMS 0x0000000668000000 NTAMS 0x0000000668000000 space 32768K, 100% used [0x0000000668000000, 0x000000066a000000)
AC   0  E CS TS     0 PTAMS 0x000000066a000000 NTAMS 0x000000066a000000 space 32768K, 100% used [0x000000066a000000, 0x000000066c000000)
AC   0  E CS TS     0 PTAMS 0x000000066c000000 NTAMS 0x000000066c000000 space 32768K, 100% used [0x000000066c000000, 0x000000066e000000)
AC   0  E CS TS     0 PTAMS 0x000000066e000000 NTAMS 0x000000066e000000 space 32768K, 100% used [0x000000066e000000, 0x0000000670000000)
AC   0  E CS TS     0 PTAMS 0x0000000670000000 NTAMS 0x0000000670000000 space 32768K, 100% used [0x0000000670000000, 0x0000000672000000)
AC   0  E CS TS     0 PTAMS 0x0000000672000000 NTAMS 0x0000000672000000 space 32768K, 100% used [0x0000000672000000, 0x0000000674000000)
AC   0  E CS TS     0 PTAMS 0x0000000674000000 NTAMS 0x0000000674000000 space 32768K, 100% used [0x0000000674000000, 0x0000000676000000)
AC   0  E CS TS     0 PTAMS 0x0000000676000000 NTAMS 0x0000000676000000 space 32768K, 100% used [0x0000000676000000, 0x0000000678000000)
AC   0  E CS TS     0 PTAMS 0x0000000678000000 NTAMS 0x0000000678000000 space 32768K, 100% used [0x0000000678000000, 0x000000067a000000)
AC   0  E CS TS     0 PTAMS 0x000000067a000000 NTAMS 0x000000067a000000 space 32768K, 100% used [0x000000067a000000, 0x000000067c000000)
AC   0  E CS TS     0 PTAMS 0x000000067c000000 NTAMS 0x000000067c000000 space 32768K, 100% used [0x000000067c000000, 0x000000067e000000)
AC   0  E CS TS     0 PTAMS 0x000000067e000000 NTAMS 0x000000067e000000 space 32768K, 100% used [0x000000067e000000, 0x0000000680000000)
AC   0  E CS TS     0 PTAMS 0x0000000680000000 NTAMS 0x0000000680000000 space 32768K, 100% used [0x0000000680000000, 0x0000000682000000)
AC   0  E CS TS     0 PTAMS 0x0000000682000000 NTAMS 0x0000000682000000 space 32768K, 100% used [0x0000000682000000, 0x0000000684000000)
AC   0  E CS TS     0 PTAMS 0x0000000684000000 NTAMS 0x0000000684000000 space 32768K, 100% used [0x0000000684000000, 0x0000000686000000)
AC   0  E CS TS     0 PTAMS 0x0000000686000000 NTAMS 0x0000000686000000 space 32768K, 100% used [0x0000000686000000, 0x0000000688000000)
AC   0  E CS TS     0 PTAMS 0x0000000688000000 NTAMS 0x0000000688000000 space 32768K, 100% used [0x0000000688000000, 0x000000068a000000)
AC   0  E CS TS     0 PTAMS 0x000000068a000000 NTAMS 0x000000068a000000 space 32768K, 100% used [0x000000068a000000, 0x000000068c000000)
AC   0  E CS TS     0 PTAMS 0x000000068c000000 NTAMS 0x000000068c000000 space 32768K, 100% used [0x000000068c000000, 0x000000068e000000)

Card table byte_map: [0x0000000014810000,0x0000000015c10000] byte_map_base: 0x0000000011e10000

Marking Bits (Prev, Next): (CMBitMap*) 0x0000000002669348, (CMBitMap*) 0x00000000026693a0
 Prev Bits: [0x0000000017010000, 0x0000000021010000)
 Next Bits: [0x0000000021010000, 0x000000002b010000)

Polling page: 0x0000000000670000

CodeCache: size=245760Kb used=34124Kb max_used=34137Kb free=211635Kb
 bounds [0x00000000026d0000, 0x0000000004860000, 0x00000000116d0000]
 total_blobs=11587 nmethods=10064 adapters=1433
 compilation: enabled

Compilation events (10 events):
Event: 43.500 Thread 0x000000002fc7f000 13280       1       java.util.concurrent.locks.ReentrantReadWriteLock$Sync::exclusiveCount (5 bytes)
Event: 43.500 Thread 0x000000002fc7d000 nmethod 13277 0x000000000483da50 code [0x000000000483dc00, 0x000000000483eb08]
Event: 43.500 Thread 0x000000002fc78800 13282       4       java.lang.Character::isLetterOrDigit (5 bytes)
Event: 43.500 Thread 0x000000002fc7f000 nmethod 13280 0x0000000002984510 code [0x0000000002984660, 0x0000000002984750]
Event: 43.500 Thread 0x000000002fc7f000 13279       3       net.jodah.typetools.TypeResolver::populateSuperTypeArgs (120 bytes)
Event: 43.522 Thread 0x000000002fc7f000 nmethod 13279 0x000000000484ef90 code [0x000000000484f200, 0x0000000004850168]
Event: 43.524 Thread 0x000000002fc78800 nmethod 13282 0x000000000483c210 code [0x000000000483c340, 0x000000000483c3d8]
Event: 43.524 Thread 0x000000002fc78800 13283       4       java.util.TreeMap::put (247 bytes)
Event: 43.529 Thread 0x000000002fc7d800 nmethod 13278 0x0000000002971f90 code [0x00000000029720e0, 0x0000000002972538]
Event: 43.529 Thread 0x000000002fc7d800 13284   !   4       java.io.BufferedReader::readLine (304 bytes)

GC Heap History (10 events):
Event: 37.546 GC heap before
{Heap before GC invocations=64 (full 0):
 garbage-first heap   total 5472256K, used 3725748K [0x0000000540000000, 0x0000000542000538, 0x00000007c0000000)
  region size 32768K, 100 young (3276800K), 2 survivors (65536K)
 Metaspace       used 79712K, capacity 88371K, committed 88600K, reserved 1124352K
  class space    used 11712K, capacity 14037K, committed 14104K, reserved 1048576K
Event: 37.574 GC heap after
Heap after GC invocations=65 (full 0):
 garbage-first heap   total 5472256K, used 522384K [0x0000000540000000, 0x0000000542000538, 0x00000007c0000000)
  region size 32768K, 3 young (98304K), 3 survivors (98304K)
 Metaspace       used 79712K, capacity 88371K, committed 88600K, reserved 1124352K
  class space    used 11712K, capacity 14037K, committed 14104K, reserved 1048576K
}
Event: 38.782 GC heap before
{Heap before GC invocations=65 (full 0):
 garbage-first heap   total 5472256K, used 3700880K [0x0000000540000000, 0x0000000542000538, 0x00000007c0000000)
  region size 32768K, 100 young (3276800K), 3 survivors (98304K)
 Metaspace       used 83891K, capacity 93343K, committed 93464K, reserved 1128448K
  class space    used 12670K, capacity 15334K, committed 15384K, reserved 1048576K
Event: 38.819 GC heap after
Heap after GC invocations=66 (full 0):
 garbage-first heap   total 5472256K, used 531268K [0x0000000540000000, 0x0000000542000538, 0x00000007c0000000)
  region size 32768K, 3 young (98304K), 3 survivors (98304K)
 Metaspace       used 83891K, capacity 93343K, committed 93464K, reserved 1128448K
  class space    used 12670K, capacity 15334K, committed 15384K, reserved 1048576K
}
Event: 40.631 GC heap before
{Heap before GC invocations=66 (full 0):
 garbage-first heap   total 5472256K, used 3709764K [0x0000000540000000, 0x0000000542000538, 0x00000007c0000000)
  region size 32768K, 100 young (3276800K), 3 survivors (98304K)
 Metaspace       used 89707K, capacity 100019K, committed 100120K, reserved 1132544K
  class space    used 13924K, capacity 16896K, committed 16920K, reserved 1048576K
Event: 40.694 GC heap after
Heap after GC invocations=67 (full 0):
 garbage-first heap   total 5472256K, used 549904K [0x0000000540000000, 0x0000000542000538, 0x00000007c0000000)
  region size 32768K, 3 young (98304K), 3 survivors (98304K)
 Metaspace       used 89707K, capacity 100019K, committed 100120K, reserved 1132544K
  class space    used 13924K, capacity 16896K, committed 16920K, reserved 1048576K
}
Event: 42.305 GC heap before
{Heap before GC invocations=67 (full 0):
 garbage-first heap   total 5472256K, used 3728400K [0x0000000540000000, 0x0000000542000538, 0x00000007c0000000)
  region size 32768K, 100 young (3276800K), 3 survivors (98304K)
 Metaspace       used 92951K, capacity 103679K, committed 103960K, reserved 1136640K
  class space    used 14556K, capacity 17660K, committed 17688K, reserved 1048576K
Event: 42.367 GC heap after
Heap after GC invocations=68 (full 0):
 garbage-first heap   total 5472256K, used 593795K [0x0000000540000000, 0x0000000542000538, 0x00000007c0000000)
  region size 32768K, 5 young (163840K), 5 survivors (163840K)
 Metaspace       used 92951K, capacity 103679K, committed 103960K, reserved 1136640K
  class space    used 14556K, capacity 17660K, committed 17688K, reserved 1048576K
}
Event: 42.744 GC heap before
{Heap before GC invocations=68 (full 0):
 garbage-first heap   total 5472256K, used 1281923K [0x0000000540000000, 0x0000000542000538, 0x00000007c0000000)
  region size 32768K, 27 young (884736K), 5 survivors (163840K)
 Metaspace       used 94520K, capacity 105400K, committed 105428K, reserved 1136640K
  class space    used 15027K, capacity 18200K, committed 18200K, reserved 1048576K
Event: 42.808 GC heap after
Heap after GC invocations=69 (full 0):
 garbage-first heap   total 5472256K, used 575306K [0x0000000540000000, 0x0000000542000538, 0x00000007c0000000)
  region size 32768K, 4 young (131072K), 4 survivors (131072K)
 Metaspace       used 94520K, capacity 105400K, committed 105428K, reserved 1136640K
  class space    used 15027K, capacity 18200K, committed 18200K, reserved 1048576K
}

Deoptimization events (10 events):
Event: 41.037 Thread 0x000000003cf63000 Uncommon trap: reason=unstable_if action=reinterpret pc=0x0000000004727c54 method=org.spongepowered.asm.util.Locals.getLocalsAt(Lorg/objectweb/asm/tree/ClassNode;Lorg/objectweb/asm/tree/MethodNode;Lorg/objectweb/asm/tree/AbstractInsnNode;Lorg/spongepowered!çØ‚˘§D@
Event: 41.289 Thread 0x000000003cf67000 Uncommon trap: reason=null_check action=make_not_entrant pc=0x0000000004782514 method=org.spongepowered.asm.mixin.injection.points.BeforeConstant.matchesConstantInsn(Lorg/objectweb/asm/tree/AbstractInsnNode;)Z @ 111
Event: 41.339 Thread 0x000000003cf66000 Uncommon trap: reason=array_check action=maybe_recompile pc=0x000000000283e46c method=com.google.common.collect.ImmutableSet.construct(I[Ljava/lang/Object;)Lcom/google/common/collect/ImmutableSet; @ 122
Event: 41.503 Thread 0x000000003cf5e800 Uncommon trap: reason=unstable_if action=reinterpret pc=0x000000000405e7dc method=it.unimi.dsi.fastutil.ints.IntArrayList.grow(I)V @ 6
Event: 41.503 Thread 0x000000003cf5e800 Uncommon trap: reason=unstable_if action=reinterpret pc=0x0000000003bb0fa0 method=it.unimi.dsi.fastutil.ints.IntArrayList.grow(I)V @ 6
Event: 41.524 Thread 0x000000003cf5e800 Uncommon trap: reason=bimorphic action=maybe_recompile pc=0x00000000042349f0 method=com.google.common.base.Objects.equal(Ljava/lang/Object;Ljava/lang/Object;)Z @ 11
Event: 41.524 Thread 0x000000003cf5e800 Uncommon trap: reason=bimorphic action=maybe_recompile pc=0x0000000002868c54 method=com.google.common.base.Objects.equal(Ljava/lang/Object;Ljava/lang/Object;)Z @ 11
Event: 41.524 Thread 0x000000003cf5e800 Uncommon trap: reason=unstable_if action=reinterpret pc=0x00000000039eb3c0 method=com.google.common.base.Objects.equal(Ljava/lang/Object;Ljava/lang/Object;)Z @ 14
Event: 42.371 Thread 0x000000003cf65800 Uncommon trap: reason=bimorphic action=maybe_recompile pc=0x0000000002ce1bc0 method=java.io.InputStream.read([B)I @ 5
Event: 42.416 Thread 0x000000003cf58800 Uncommon trap: reason=unhandled action=reinterpret pc=0x0000000004828558 method=java.lang.invoke.CallSite.<init>(Ljava/lang/invoke/MethodHandle;)V @ 11

Internal exceptions (10 events):
Event: 43.264 Thread 0x000000003cf63000 Exception <a 'java/lang/IllegalArgumentException': Wrong type at constant pool index> (0x0000000666dc0f08) thrown at [C:\re\workspace\8-2-build-windows-amd64-cygwin\jdk8u51\3951\hotspot\src\share\vm\prims\jvm.cpp, line 2143]
Event: 43.268 Thread 0x000000003cf63000 Exception <a 'java/lang/IllegalArgumentException': Wrong type at constant pool index> (0x0000000666ddf4e8) thrown at [C:\re\workspace\8-2-build-windows-amd64-cygwin\jdk8u51\3951\hotspot\src\share\vm\prims\jvm.cpp, line 2143]
Event: 43.333 Thread 0x000000003cf63000 Exception <a 'java/lang/IllegalArgumentException': Wrong type at constant pool index> (0x00000006578228b0) thrown at [C:\re\workspace\8-2-build-windows-amd64-cygwin\jdk8u51\3951\hotspot\src\share\vm\prims\jvm.cpp, line 2143]
Event: 43.392 Thread 0x000000003cf62800 Exception <a 'sun/nio/fs/WindowsException'> (0x00000006559590a8) thrown at [C:\re\workspace\8-2-build-windows-amd64-cygwin\jdk8u51\3951\hotspot\src\share\vm\prims\jni.cpp, line 709]
Event: 43.426 Thread 0x000000003cf63000 Exception <a 'java/lang/IllegalArgumentException': Wrong type at constant pool index> (0x0000000657863d58) thrown at [C:\re\workspace\8-2-build-windows-amd64-cygwin\jdk8u51\3951\hotspot\src\share\vm\prims\jvm.cpp, line 2143]
Event: 43.428 Thread 0x000000003cf63000 Exception <a 'java/lang/IllegalArgumentException': Wrong type at constant pool index> (0x000000065787fba8) thrown at [C:\re\workspace\8-2-build-windows-amd64-cygwin\jdk8u51\3951\hotspot\src\share\vm\prims\jvm.cpp, line 2143]
Event: 43.482 Thread 0x000000003cf63000 Exception <a 'java/lang/IllegalArgumentException': Wrong type at constant pool index> (0x0000000657883540) thrown at [C:\re\workspace\8-2-build-windows-amd64-cygwin\jdk8u51\3951\hotspot\src\share\vm\prims\jvm.cpp, line 2143]
Event: 43.487 Thread 0x000000003cf62800 Exception <a 'sun/nio/fs/WindowsException'> (0x000000064716e6d0) thrown at [C:\re\workspace\8-2-build-windows-amd64-cygwin\jdk8u51\3951\hotspot\src\share\vm\prims\jni.cpp, line 709]
Event: 43.488 Thread 0x000000003cf58800 Exception <a 'java/lang/NoSuchMethodError': java.lang.Object.lambda$andThen$14(Ljava/util/function/Consumer;Ljava/lang/Object;)V> (0x000000064710fd00) thrown at [C:\re\workspace\8-2-build-windows-amd64-cygwin\jdk8u51\3951\hotspot\src\share\vm\interpreter\l˛©ˇ•æE@
Event: 43.489 Thread 0x000000003cf5e800 Exception <a 'java/lang/IllegalArgumentException': Wrong type at constant pool index> (0x000000068c887dd8) thrown at [C:\re\workspace\8-2-build-windows-amd64-cygwin\jdk8u51\3951\hotspot\src\share\vm\prims\jvm.cpp, line 2143]

Events (10 events):
Event: 43.547 loading class net/minecraft/block/WallSignBlock
Event: 43.547 loading class net/minecraft/block/WallSignBlock done
Event: 43.556 loading class net/minecraft/item/Item
Event: 43.556 loading class net/minecraft/item/Item done
Event: 43.558 loading class net/minecraftforge/event/RegistryEvent$Register
Event: 43.558 loading class net/minecraftforge/event/RegistryEvent$Register done
Event: 43.558 loading class net/minecraftforge/event/RegistryEvent$Register
Event: 43.558 loading class net/minecraftforge/event/RegistryEvent$Register done
Event: 43.558 loading class me/dinnerbeef/compressium/Compressium
Event: 43.558 loading class me/dinnerbeef/compressium/Compressium done


Dynamic libraries:
0x00007ff6fd5e0000 - 0x00007ff6fd617000 	C:\Users\sourd\Documents\CurseForge\Install\runtime\jre-legacy\windows-x64\jre-legacy\bin\javaw.exe
0x00007ffe66670000 - 0x00007ffe66865000 	C:\Windows\SYSTEM32\ntdll.dll
0x00007ffe658d0000 - 0x00007ffe6598e000 	C:\Windows\System32\KERNEL32.DLL
0x00007ffe64020000 - 0x00007ffe642e8000 	C:\Windows\System32\KERNELBASE.dll
0x00007ffe65440000 - 0x00007ffe654ee000 	C:\Windows\System32\ADVAPI32.dll
0x00007ffe659a0000 - 0x00007ffe65a3e000 	C:\Windows\System32\msvcrt.dll
0x00007ffe653a0000 - 0x00007ffe6543c000 	C:\Windows\System32\sechost.dll
0x00007ffe651a0000 - 0x00007ffe652c5000 	C:\Windows\System32\RPCRT4.dll
0x00007ffe65520000 - 0x00007ffe656c0000 	C:\Windows\System32\USER32.dll
0x00007ffe63f30000 - 0x00007ffe63f52000 	C:\Windows\System32\win32u.dll
0x00007ffe654f0000 - 0x00007ffe6551b000 	C:\Windows\System32\GDI32.dll
0x00007ffe642f0000 - 0x00007ffe643fd000 	C:\Windows\System32\gdi32full.dll
0x00007ffe64400000 - 0x00007ffe6449d000 	C:\Windows\System32\msvcp_win.dll
0x00007ffe63d80000 - 0x00007ffe63e80000 	C:\Windows\System32\ucrtbase.dll
0x00007ffe512e0000 - 0x00007ffe5157a000 	C:\Windows\WinSxS\amd64_microsoft.windows.common-controls_6595b64144ccf1df_6.0.19041.1110_none_60b5254171f9507e\COMCTL32.dll
0x00007ffe664f0000 - 0x00007ffe66520000 	C:\Windows\System32\IMM32.DLL
0x00000000765b0000 - 0x0000000076682000 	C:\Users\sourd\Documents\CurseForge\Install\runtime\jre-legacy\windows-x64\jre-legacy\bin\msvcr100.dll
0x0000000075d20000 - 0x00000000765a3000 	C:\Users\sourd\Documents\CurseForge\Install\runtime\jre-legacy\windows-x64\jre-legacy\bin\server\jvm.dll
0x00007ffe66620000 - 0x00007ffe66628000 	C:\Windows\System32\PSAPI.DLL
0x00007ffe5f9f0000 - 0x00007ffe5f9f9000 	C:\Windows\SYSTEM32\WSOCK32.dll
0x00007ffe592b0000 - 0x00007ffe592d7000 	C:\Windows\SYSTEM32\WINMM.dll
0x00007ffe64b50000 - 0x00007ffe64bbb000 	C:\Windows\System32\WS2_32.dll
0x00007ffe5e220000 - 0x00007ffe5e22a000 	C:\Windows\SYSTEM32\VERSION.dll
0x0000000077aa0000 - 0x0000000077aaf000 	C:\Users\sourd\Documents\CurseForge\Install\runtime\jre-legacy\windows-x64\jre-legacy\bin\verify.dll
0x0000000077a70000 - 0x0000000077a99000 	C:\Users\sourd\Documents\CurseForge\Install\runtime\jre-legacy\windows-x64\jre-legacy\bin\java.dll
0x0000000075d00000 - 0x0000000075d16000 	C:\Users\sourd\Documents\CurseForge\Install\runtime\jre-legacy\windows-x64\jre-legacy\bin\zip.dll
0x00007ffe65da0000 - 0x00007ffe664e4000 	C:\Windows\System32\SHELL32.dll
0x00007ffe61e90000 - 0x00007ffe62624000 	C:\Windows\SYSTEM32\windows.storage.dll
0x00007ffe646e0000 - 0x00007ffe64a35000 	C:\Windows\System32\combase.dll
0x00007ffe637d0000 - 0x00007ffe637fe000 	C:\Windows\SYSTEM32\Wldp.dll
0x00007ffe64a40000 - 0x00007ffe64aed000 	C:\Windows\System32\SHCORE.dll
0x00007ffe65870000 - 0x00007ffe658c5000 	C:\Windows\System32\shlwapi.dll
0x00007ffe63cc0000 - 0x00007ffe63cdf000 	C:\Windows\SYSTEM32\profapi.dll
0x0000000077a60000 - 0x0000000077a6d000 	C:\Users\sourd\Documents\CurseForge\Install\runtime\jre-legacy\windows-x64\jre-legacy\bin\management.dll
0x0000000075ce0000 - 0x0000000075cfa000 	C:\Users\sourd\Documents\CurseForge\Install\runtime\jre-legacy\windows-x64\jre-legacy\bin\net.dll
0x00007ffe63530000 - 0x00007ffe6359a000 	C:\Windows\system32\mswsock.dll
0x00007ffe4a2c0000 - 0x00007ffe4a2d7000 	C:\Windows\system32\napinsp.dll
0x00007ffe472f0000 - 0x00007ffe4730b000 	C:\Windows\system32\pnrpnsp.dll
0x00007ffe43be0000 - 0x00007ffe43bf5000 	C:\Windows\system32\wshbth.dll
0x00007ffe5f870000 - 0x00007ffe5f88d000 	C:\Windows\system32\NLAapi.dll
0x00007ffe631d0000 - 0x00007ffe6320b000 	C:\Windows\SYSTEM32\IPHLPAPI.DLL
0x00007ffe63220000 - 0x00007ffe632eb000 	C:\Windows\SYSTEM32\DNSAPI.dll
0x00007ffe66520000 - 0x00007ffe66528000 	C:\Windows\System32\NSI.dll
0x00007ffe451f0000 - 0x00007ffe45202000 	C:\Windows\System32\winrnr.dll
0x00007ffe592a0000 - 0x00007ffe592aa000 	C:\Windows\System32\rasadhlp.dll
0x00007ffe58a80000 - 0x00007ffe58aff000 	C:\Windows\System32\fwpuclnt.dll
0x00007ffe63ff0000 - 0x00007ffe64017000 	C:\Windows\System32\bcrypt.dll
0x0000000075cc0000 - 0x0000000075cd1000 	C:\Users\sourd\Documents\CurseForge\Install\runtime\jre-legacy\windows-x64\jre-legacy\bin\nio.dll
0x0000000075c90000 - 0x0000000075cb4000 	C:\Users\sourd\Documents\CurseForge\Install\runtime\jre-legacy\windows-x64\jre-legacy\bin\sunec.dll
0x00007ffe63720000 - 0x00007ffe63738000 	C:\Windows\SYSTEM32\CRYPTSP.dll
0x00007ffe62e40000 - 0x00007ffe62e74000 	C:\Windows\system32\rsaenh.dll
0x00007ffe63c80000 - 0x00007ffe63cae000 	C:\Windows\SYSTEM32\USERENV.dll
0x00007ffe63f60000 - 0x00007ffe63fe2000 	C:\Windows\System32\bcryptprimitives.dll
0x00007ffe63740000 - 0x00007ffe6374c000 	C:\Windows\SYSTEM32\CRYPTBASE.dll
0x00007ffe5e540000 - 0x00007ffe5e557000 	C:\Windows\SYSTEM32\dhcpcsvc6.DLL
0x00007ffe5e520000 - 0x00007ffe5e53d000 	C:\Windows\SYSTEM32\dhcpcsvc.DLL
0x00007ffe5a290000 - 0x00007ffe5a302000 	C:\Users\sourd\Documents\CurseForge\Install\bin\8c77-96ec-7e0f-2be6\lwjgl.dll
0x00007ffe0efc0000 - 0x00007ffe0f211000 	C:\Users\sourd\Documents\CurseForge\Install\bin\8c77-96ec-7e0f-2be6\jemalloc.dll
0x00007ffe58120000 - 0x00007ffe5817e000 	C:\Users\sourd\Documents\CurseForge\Install\bin\8c77-96ec-7e0f-2be6\glfw.dll
0x00007ffe617b0000 - 0x00007ffe6184e000 	C:\Windows\system32\uxtheme.dll
0x00007ffe296f0000 - 0x00007ffe29735000 	C:\Windows\SYSTEM32\dinput8.dll
0x00007ffe38aa0000 - 0x00007ffe38ab1000 	C:\Windows\SYSTEM32\xinput1_4.dll
0x00007ffe644a0000 - 0x00007ffe644ee000 	C:\Windows\System32\cfgmgr32.dll
0x00007ffe63b20000 - 0x00007ffe63b54000 	C:\Windows\SYSTEM32\DEVOBJ.dll
0x00007ffe61ab0000 - 0x00007ffe61adf000 	C:\Windows\SYSTEM32\dwmapi.dll
0x00007ffe56b90000 - 0x00007ffe56ce2000 	C:\Windows\SYSTEM32\inputhost.dll
0x00007ffe652d0000 - 0x00007ffe6539d000 	C:\Windows\System32\OLEAUT32.dll
0x00007ffe61390000 - 0x00007ffe61482000 	C:\Windows\SYSTEM32\CoreMessaging.dll
0x00007ffe5fbf0000 - 0x00007ffe5fd44000 	C:\Windows\SYSTEM32\wintypes.dll
0x00007ffe5f730000 - 0x00007ffe5f826000 	C:\Windows\SYSTEM32\PROPSYS.dll
0x00007ffe60f50000 - 0x00007ffe612ae000 	C:\Windows\SYSTEM32\CoreUIComponents.dll
0x00007ffe62a70000 - 0x00007ffe62aa3000 	C:\Windows\SYSTEM32\ntmarta.dll
0x00007ffe61c90000 - 0x00007ffe61ca2000 	C:\Windows\SYSTEM32\kernel.appcore.dll
0x00007ffe65a40000 - 0x00007ffe65b56000 	C:\Windows\System32\MSCTF.dll
0x00007ffe62630000 - 0x00007ffe6263d000 	C:\Windows\SYSTEM32\HID.DLL
0x00007ffe64bc0000 - 0x00007ffe65032000 	C:\Windows\System32\SETUPAPI.DLL
0x00007ffe64650000 - 0x00007ffe646b9000 	C:\Windows\System32\WINTRUST.dll
0x00007ffe644f0000 - 0x00007ffe64646000 	C:\Windows\System32\CRYPT32.dll
0x00007ffe63960000 - 0x00007ffe63972000 	C:\Windows\SYSTEM32\MSASN1.dll
0x00007ffe249d0000 - 0x00007ffe24af5000 	C:\Windows\SYSTEM32\opengl32.dll
0x00007ffe24e80000 - 0x00007ffe24eac000 	C:\Windows\SYSTEM32\GLU32.dll
0x00007ffe65bc0000 - 0x00007ffe65c69000 	C:\Windows\System32\clbcatq.dll
0x00007ffddbbc0000 - 0x00007ffddeb7f000 	C:\Windows\System32\DriverStore\FileRepository\nv_dispi.inf_amd64_0bc9105c62ca22fb\nvoglv64.dll
0x00007ffe65c70000 - 0x00007ffe65d9a000 	C:\Windows\System32\ole32.dll
0x00007ffe5fa90000 - 0x00007ffe5faa4000 	C:\Windows\SYSTEM32\WTSAPI32.dll
0x00007ffe5d4f0000 - 0x00007ffe5d521000 	C:\Windows\SYSTEM32\cryptnet.dll
0x00007ffe5aa90000 - 0x00007ffe5abda000 	C:\Windows\SYSTEM32\drvstore.dll
0x00007ffe5abe0000 - 0x00007ffe5ac1b000 	C:\Windows\SYSTEM32\dxcore.dll
0x00007ffdf9da0000 - 0x00007ffdfa065000 	C:\Windows\system32\nvspcap64.dll
0x00007ffe63340000 - 0x00007ffe6338b000 	C:\Windows\SYSTEM32\powrprof.dll
0x00007ffe631b0000 - 0x00007ffe631c2000 	C:\Windows\SYSTEM32\UMPDC.dll
0x00007ffe62b20000 - 0x00007ffe62b7a000 	C:\Windows\SYSTEM32\WINSTA.dll
0x00007ffe42220000 - 0x00007ffe4229f000 	C:\Users\sourd\Documents\CurseForge\Install\bin\8c77-96ec-7e0f-2be6\lwjgl_stb.dll
0x00007ffe5d180000 - 0x00007ffe5d22e000 	C:\Windows\SYSTEM32\mscms.dll
0x00007ffe5d110000 - 0x00007ffe5d121000 	C:\Windows\SYSTEM32\ColorAdapterClient.dll
0x00007ffe32e50000 - 0x00007ffe32e93000 	C:\Windows\SYSTEM32\icm32.dll
0x00007ffe58410000 - 0x00007ffe58509000 	C:\Windows\SYSTEM32\textinputframework.dll
0x00007ffe53060000 - 0x00007ffe530b8000 	C:\Users\sourd\Documents\CurseForge\Install\bin\8c77-96ec-7e0f-2be6\lwjgl_opengl.dll
0x00007ffe499b0000 - 0x00007ffe499f2000 	C:\Users\sourd\AppData\Local\Temp\jna-109627787\jna8403272043513525617.dll
0x00007ffe592e0000 - 0x00007ffe594c4000 	C:\Windows\SYSTEM32\dbghelp.dll

VM Arguments:
jvm_args: -XX:HeapDumpPath=MojangTricksIntelDriversForPerformance_javaw.exe_minecraft.exe.heapdump -Dos.name=Windows 10 -Dos.version=10.0 -Xss1M -Djava.library.path=C:\Users\sourd\Documents\CurseForge\Install\bin\8c77-96ec-7e0f-2be6 -Dminecraft.launcher.brand=minecraft-launcher -Dminecraft.launcher.version=2.2.11103 -Xmx10240m -Xms256m -Dminecraft.applet.TargetDirectory=C:\Users\sourd\Documents\CurseForge\Instances\Kubdom  To the sky -Dfml.ignorePatchDiscrepancies=true -Dfml.ignoreInvalidMinecraftCertificates=true -Duser.language=en -Duser.country=US -Xmx10G -XX:+UnlockExperimentalVMOptions -XX:+UseG1GC -XX:G1NewSizePercent=20 -XX:G1ReservePercent=20 -XX:MaxGCPauseMillis=50 -XX:G1HeapRegionSize=32M -Dlog4j.configurationFile=C:\Users\sourd\Documents\CurseForge\Install\assets\log_configs\client-1.12.xml 
java_command: cpw.mods.modlauncher.Launcher --username Aoxis_ --version forge-36.2.29 --gameDir C:\Users\sourd\Documents\CurseForge\Instances\Kubdom  To the sky --assetsDir C:\Users\sourd\Documents\CurseForge\Install\assets --assetIndex 1.16 --uuid a86ce824271c46e9bf8308b09c4397e8 --accessToken eyJhbGciOiJIUzI1NiJ9.eyJ4dWlkIjoiMjUzNTQ0ODU0MjcwMTk5MSIsImFnZyI6IkFkdWx0Iiwic3ViIjoiMGI1MDE2M2YtZGQwYy00NTc3LWJkN2ItMmExNjcxNjFlYzg2IiwibmJmIjoxNjQ2NTY3MzM5LCJhdXRoIjoiWEJPWCIsInJvbGVzIjpbXSwiaXNzIjoiYXV0aGVudGljYXRpb24iLCJleHAiOjE2NDY2NTM3MzksImlhdCI6MTY0NjU2NzMzOSwicGxhdGZvcm0iOiJQQ19MQVVOQ0hFUiIsInl1aWQiOiI5OGRlMDQ4NDEzNzBiMmJlMTg3ZTE5YzU3Y2MxNjFkZiJ9.odYffZU-EhLjc7YSJe9bEnRDOE-022X8JchBD90tiUQ --userType msa --versionType release --width 1024 --height 768 --launchTarget fmlclient --fml.forgeVersion 36.2.29 --fml.mcVersion 1.16.5 --fml.forgeGroup net.minecraftforge --fml.mcpVersion 20210115.111550
java_class_path (initial): C:\Users\sourd\Documents\CurseForge\Install\libraries\net\minecraftforge\forge\1.16.5-36.2.29\forge-1.16.5-36.2.29.jar;C:\Users\sourd\Documents\CurseForge\Install\libraries\org\ow2\asm\asm\9.1\asm-9.1.jar;C:\Users\sourd\Documents\CurseForge\Install\libraries\org\ow2\asm\asm-commons\9.1\asm-commons-9.1.jar;C:\Users\sourd\Documents\CurseForge\Install\libraries\org\ow2\asm\asm-tree\9.1\asm-tree-9.1.jar;C:\Users\sourd\Documents\CurseForge\Install\libraries\org\ow2\asm\asm-util\9.1\asm-util-9.1.jar;C:\Users\sourd\Documents\CurseForge\Install\libraries\org\ow2\asm\asm-analysis\9.1\asm-analysis-9.1.jar;C:\Users\sourd\Documents\CurseForge\Install\libraries\cpw\mods\modlauncher\8.1.3\modlauncher-8.1.3.jar;C:\Users\sourd\Documents\CurseForge\Install\libraries\cpw\mods\grossjava9hacks\1.3.3\grossjava9hacks-1.3.3.jar;C:\Users\sourd\Documents\CurseForge\Install\libraries\net\minecraftforge\accesstransformers\3.0.1\accesstransformers-3.0.1.jar;C:\Users\sourd\Documents\CurseForge\Install\libraries\org\antlr\antlr4-runtime\4.9.1\antlr4-runtime-4.9.1.jar;C:\Users\sourd\Documents\CurseForge\Install\libraries\net\minecraftforge\eventbus\4.0.0\eventbus-4.0.0.jar;C:\Users\sourd\Documents\CurseForge\Install\libraries\net\minecraftforge\forgespi\3.2.0\forgespi-3.2.0.jar;C:\Users\sourd\Documents\CurseForge\Install\libraries\net\minecraftforge\coremods\4.0.6\coremods-4.0.6.jar;C:\Users\sourd\Documents\CurseForge\Install\libraries\net\minecraftforge\unsafe\0.2.0\unsafe-0.2.0.jar;C:\Users\sourd\Documents\CurseForge\Install\libraries\com\electronwill\night-config\core\3.6.3\core-3.6.3.jar;C:\Users\sourd\Documents\CurseForge\Install\libraries\com\electronwill\night-config\toml\3.6.3\toml-3.6.3.jar;C:\Users\sourd\Documents\CurseForge\Install\libraries\org\jline\jline\3.12.1\jline-3.12.1.jar;C:\Users\sourd\Documents\CurseForge\Install\libraries\org\apache\maven\maven-artifact\3.6.3\maven-artifact-3.6.3.jar;C:\Users\sourd\Documents\CurseForge\Install\libraries\net\joda
Launcher Type: SUN_STANDARD

Environment Variables:
PATH=C:\Program Files (x86)\Common Files\Oracle\Java\javapath;C:\Windows\system32;C:\Windows;C:\Windows\System32\Wbem;C:\Windows\System32\WindowsPowerShell\v1.0\;C:\Windows\System32\OpenSSH\;C:\Program Files\NVIDIA Corporation\NVIDIA NvDLISR;C:\Program Files (x86)\NVIDIA Corporation\PhysX\Common;E:\QuickTime\QTSystem\;C:\Program Files\Git\cmd;C:\Users\sourd\AppData\Local\Microsoft\WindowsApps;;C:\Users\sourd\AppData\Local\Programs\Microsoft VS Code\bin
USERNAME=sourd
OS=Windows_NT
PROCESSOR_IDENTIFIER=AMD64 Family 23 Model 1 Stepping 1, AuthenticAMD



---------------  S Y S T E M  ---------------

OS: Windows 10.0 , 64 bit Build 19041 (10.0.19041.1503)

CPU:total 8 (8 cores per cpu, 1 threads per core) family 23 model 1 stepping 1, cmov, cx8, fxsr, mmx, sse, sse2, sse3, ssse3, sse4.1, sse4.2, popcnt, avx, avx2, aes, clmul, mmxext, 3dnowpref, lzcnt, sse4a, tsc, tscinvbit, tscinv, bmi1

Memory: 4k page, physical 16724628k(4572032k free), swap 30524240k(14566440k free)

vm_info: Java HotSpot(TM) 64-Bit Server VM (25.51-b03) for windows-amd64 JRE (1.8.0_51-b16), built on Jun  8 2015 18:03:07 by "java_re" with MS VC++ 10.0 (VS2010)

time: Sun Mar 06 12:50:06 2022
elapsed time: 43 seconds (0d 0h 0m 43s)

