#
# A fatal error has been detected by the Java Runtime Environment:
#
#  EXCEPTION_ACCESS_VIOLATION (0xc0000005) at pc=0x000000000669bebe, pid=10536, tid=11692
#
# JRE version: Java(TM) SE Runtime Environment (8.0_51-b16) (build 1.8.0_51-b16)
# Java VM: Java HotSpot(TM) 64-Bit Server VM (25.51-b03 mixed mode windows-amd64 compressed oops)
# Problematic frame:
# J 28267 C2 net.minecraft.util.math.vector.Matrix3f.func_226118_b_(Lnet/minecraft/util/math/vector/Matrix3f;)V (330 bytes) @ 0x000000000669bebe [0x000000000669bd80+0x13e]
#
# Failed to write core dump. Minidumps are not enabled by default on client versions of Windows
#
# If you would like to submit a bug report, please visit:
#   http://bugreport.java.com/bugreport/crash.jsp
#

---------------  T H R E A D  ---------------

Current thread (0x0000000002714000):  JavaThread "Render thread" [_thread_in_Java, id=11692, stack(0x0000000002610000,0x0000000002710000)]

siginfo: ExceptionCode=0xc0000005, reading address 0xffffffffffffffff

Registers:
RAX=0x0000000000000000, RBX=0x0000000728bab458, RCX=0x0000000728bab5b0, RDX=0x0000000728bab318
RSP=0x000000000270deb0, RBP=0x00000000e5175656, RSI=0x0000000000000000, RDI=0x0000000728bab384
R8 =0x0000000728bab618, R9 =0x00000000e5175639, R10=0x0000000728bab2b0, R11=0x00000000e51756c3
R12=0x0000000000000000, R13=0x0000000728bab5b0, R14=0x00000007c0b41880, R15=0x0000000002714000
RIP=0x000000000669bebe, EFLAGS=0x0000000000010202

Top of Stack: (sp=0x000000000270deb0)
0x000000000270deb0:   8000000080000000 3f5db3d7bf1cc473
0x000000000270dec0:   000000056d751100 783c76e800000063
0x000000000270ded0:   00000000e5175656 000000000b95a4dc
0x000000000270dee0:   000000073f800000 000000073f800000
0x000000000270def0:   00000000bf048432 0000000000000000
0x000000000270df00:   0000000728bab1a0 00000007e51756c3
0x000000000270df10:   0000000566037738 0000080000000000
0x000000000270df20:   0000000728bab348 00000005a89f9998
0x000000000270df30:   000000058c9feea0 00000000b193fdd4
0x000000000270df40:   0000000728bab358 00007ffcb31428a8
0x000000000270df50:   0000000037980000 000000000270e000
0x000000000270df60:   00000000e5175639 000000000aec8c24
0x000000000270df70:   4180000041800000 0000000041800000
0x000000000270df80:   0000000000000303 000000000392642e
0x000000000270df90:   00000005986551f8 00000007c06f16e0
0x000000000270dfa0:   0000000000002600 0000000000000001 

Instructions: (pc=0x000000000669bebe)
0x000000000669be9e:   db c4 c1 52 59 c0 c5 c2 59 ed c5 ea 58 d0 c5 f2
0x000000000669beae:   58 c5 c4 c1 6a 58 d6 c5 fa 11 52 1c c5 fa 58 c3
0x000000000669bebe:   c5 fa 11 42 10 c4 c1 7a 10 70 14 c4 c1 7a 10 48
0x000000000669bece:   20 c4 c1 4a 59 c2 c4 c1 72 59 dd c4 c1 72 59 d0 


Register to memory mapping:

RAX=0x0000000000000000 is an unknown value
RBX=0x0000000728bab458 is pointing into object: 0x0000000728303b48
[B 
 - klass: {type array byte}
 - length: 1
RCX=
[error occurred during error reporting (printing register info), id 0xc0000005]

Stack: [0x0000000002610000,0x0000000002710000],  sp=0x000000000270deb0,  free space=1015k
Native frames: (J=compiled Java code, j=interpreted, Vv=VM code, C=native code)
C  0x000000000669bebe


---------------  P R O C E S S  ---------------

Java Threads: ( => current thread )
  0x000000011f513800 JavaThread "Worker-Main-129" daemon [_thread_blocked, id=14744, stack(0x00000000fb7e0000,0x00000000fb8e0000)]
  0x000000011f50d800 JavaThread "Worker-Main-128" daemon [_thread_blocked, id=17800, stack(0x00000000fb120000,0x00000000fb220000)]
  0x000000011f512800 JavaThread "Worker-Main-127" daemon [_thread_blocked, id=8532, stack(0x00000000fb020000,0x00000000fb120000)]
  0x000000011f50c000 JavaThread "Worker-Main-126" daemon [_thread_blocked, id=3368, stack(0x00000000ef060000,0x00000000ef160000)]
  0x000000007f906000 JavaThread "IO-Worker-91" [_thread_blocked, id=13628, stack(0x000000007b690000,0x000000007b790000)]
  0x00000000fc8c6000 JavaThread "JM-task-4" [_thread_blocked, id=11192, stack(0x000000011cae0000,0x000000011cbe0000)]
  0x00000000fc8c5000 JavaThread "JM-texture-3" [_thread_blocked, id=13716, stack(0x000000011b5c0000,0x000000011b6c0000)]
  0x00000000fc8c0000 JavaThread "JM-texture-2" [_thread_blocked, id=1332, stack(0x000000011b2a0000,0x000000011b3a0000)]
  0x000000007ee58800 JavaThread "ForkJoinPool.commonPool-worker-0" daemon [_thread_blocked, id=10492, stack(0x0000000111d90000,0x0000000111e90000)]
  0x000000007ee5d800 JavaThread "ForkJoinPool.commonPool-worker-7" daemon [_thread_blocked, id=13260, stack(0x00000000f2de0000,0x00000000f2ee0000)]
  0x000000007ee5b800 JavaThread "ForkJoinPool.commonPool-worker-1" daemon [_thread_blocked, id=10304, stack(0x0000000000110000,0x0000000000210000)]
  0x000000007ee4f800 JavaThread "pool-4-thread-1" [_thread_blocked, id=17000, stack(0x0000000047540000,0x0000000047640000)]
  0x00000000fc8c3000 JavaThread "ForkJoinPool.commonPool-worker-5" daemon [_thread_blocked, id=5488, stack(0x000000010f910000,0x000000010fa10000)]
  0x00000000fc8c7800 JavaThread "ForkJoinPool.commonPool-worker-4" daemon [_thread_blocked, id=2136, stack(0x000000010f0b0000,0x000000010f1b0000)]
  0x00000000fc8c1800 JavaThread "ForkJoinPool.commonPool-worker-3" daemon [_thread_blocked, id=3120, stack(0x00000000f30e0000,0x00000000f31e0000)]
  0x00000000fc8bd800 JavaThread "ForkJoinPool.commonPool-worker-2" daemon [_thread_blocked, id=13728, stack(0x00000000eeb70000,0x00000000eec70000)]
  0x000000010066d800 JavaThread "IO-Worker-43" [_thread_blocked, id=4140, stack(0x0000000046f40000,0x0000000047040000)]
  0x0000000100672000 JavaThread "Sound engine" daemon [_thread_blocked, id=16940, stack(0x0000000047040000,0x0000000047140000)]
  0x000000003ec2e000 JavaThread "Netty Server IO #1" daemon [_thread_in_native, id=3144, stack(0x0000000109670000,0x0000000109770000)]
  0x000000003ec2c800 JavaThread "Netty Local Client IO #0" daemon [_thread_blocked, id=11348, stack(0x0000000109570000,0x0000000109670000)]
  0x000000003ec23800 JavaThread "Netty Server IO #0" daemon [_thread_in_native, id=14628, stack(0x0000000109470000,0x0000000109570000)]
  0x000000004177d800 JavaThread "ObjectCleanerThread" daemon [_thread_blocked, id=13756, stack(0x00000000fbce0000,0x00000000fbde0000)]
  0x000000004177d000 JavaThread "WorldCacheIOThread" daemon [_thread_blocked, id=14032, stack(0x0000000000210000,0x0000000000310000)]
  0x000000004177a000 JavaThread "ResearchIOThread" daemon [_thread_blocked, id=4456, stack(0x0000000000010000,0x0000000000110000)]
  0x000000004b06a000 JavaThread "IO-Worker-40" [_thread_in_Java, id=13384, stack(0x00000000f32f0000,0x00000000f33f0000)]
  0x00000000fc8c4800 JavaThread "Thread-53" daemon [_thread_in_native, id=9196, stack(0x0000000047440000,0x0000000047540000)]
  0x00000000fc8c0800 JavaThread "Server thread" [_thread_in_Java, id=9348, stack(0x0000000047140000,0x0000000047240000)]
  0x00000000fc8b9000 JavaThread "Snooper Timer" daemon [_thread_blocked, id=2440, stack(0x000000003b990000,0x000000003ba90000)]
  0x000000003ec30800 JavaThread "pool-6-thread-1" [_thread_blocked, id=6664, stack(0x00000000e4940000,0x00000000e4a40000)]
  0x000000003ec2d800 JavaThread "Keep-Alive-SocketCleaner" daemon [_thread_blocked, id=836, stack(0x0000000042560000,0x0000000042660000)]
  0x000000004b072000 JavaThread "Java2D Disposer" daemon [_thread_blocked, id=10784, stack(0x000000007a890000,0x000000007a990000)]
  0x000000004b06c000 JavaThread "pool-8-thread-1" [_thread_blocked, id=17392, stack(0x0000000077e80000,0x0000000077f80000)]
  0x000000004b06f000 JavaThread "Thread-45" daemon [_thread_blocked, id=1076, stack(0x0000000077d80000,0x0000000077e80000)]
  0x000000004b068800 JavaThread "ComputerCraft-Network-3" daemon [_thread_blocked, id=4228, stack(0x00000000689e0000,0x0000000068ae0000)]
  0x000000004b068000 JavaThread "ComputerCraft-Network-2" daemon [_thread_blocked, id=13560, stack(0x0000000066010000,0x0000000066110000)]
  0x000000004b065800 JavaThread "Thread-40" daemon [_thread_in_native, id=12972, stack(0x0000000063090000,0x0000000063190000)]
  0x000000004b067000 JavaThread "Thread-39" daemon [_thread_in_native, id=17304, stack(0x0000000062f90000,0x0000000063090000)]
  0x000000004b065000 JavaThread "Thread-38" daemon [_thread_in_native, id=2032, stack(0x0000000062e90000,0x0000000062f90000)]
  0x000000003ec2c000 JavaThread "Thread-37" daemon [_thread_in_native, id=15416, stack(0x0000000062790000,0x0000000062890000)]
  0x000000003ec29000 JavaThread "Thread-36" daemon [_thread_in_native, id=10816, stack(0x0000000062690000,0x0000000062790000)]
  0x000000003ec2b000 JavaThread "ComputerCraft-Network-1" daemon [_thread_blocked, id=3272, stack(0x0000000062590000,0x0000000062690000)]
  0x000000004195e000 JavaThread "Thread-34" daemon [_thread_in_native, id=1116, stack(0x0000000062320000,0x0000000062420000)]
  0x000000004195d800 JavaThread "Thread-33" daemon [_thread_in_native, id=14300, stack(0x0000000062220000,0x0000000062320000)]
  0x0000000041959800 JavaThread "Thread-32" daemon [_thread_in_native, id=4180, stack(0x0000000061ce0000,0x0000000061de0000)]
  0x0000000041959000 JavaThread "Thread-31" daemon [_thread_in_native, id=10972, stack(0x00000000619e0000,0x0000000061ae0000)]
  0x000000004195c800 JavaThread "Thread-30" daemon [_thread_in_native, id=14912, stack(0x00000000618e0000,0x00000000619e0000)]
  0x000000004177f000 JavaThread "ComputerCraft-Network-0" daemon [_thread_blocked, id=10580, stack(0x00000000617e0000,0x00000000618e0000)]
  0x0000000041777800 JavaThread "Thread-28" daemon [_thread_in_native, id=15852, stack(0x00000000602a0000,0x00000000603a0000)]
  0x0000000041778800 JavaThread "Thread-27" daemon [_thread_in_native, id=17636, stack(0x0000000061be0000,0x0000000061ce0000)]
  0x000000004177e800 JavaThread "Thread-26" daemon [_thread_in_native, id=508, stack(0x000000005f9d0000,0x000000005fad0000)]
  0x000000003ec31000 JavaThread "Narrator" [_thread_blocked, id=3808, stack(0x000000004a040000,0x000000004a140000)]
  0x000000003ec29800 JavaThread "pool-7-thread-1" [_thread_blocked, id=8784, stack(0x0000000000b70000,0x0000000000c70000)]
  0x000000003ec24800 JavaThread "pool-5-thread-1" [_thread_blocked, id=7884, stack(0x00000000507d0000,0x00000000508d0000)]
  0x000000003ec26800 JavaThread "KubeJS Background Thread" daemon [_thread_blocked, id=10188, stack(0x000000004fc80000,0x000000004fd80000)]
  0x000000003ec23000 JavaThread "Thread-19" daemon [_thread_in_native, id=13816, stack(0x000000004ec70000,0x000000004ed70000)]
  0x0000000041783000 JavaThread "Thread-18" daemon [_thread_in_native, id=8560, stack(0x000000004eb70000,0x000000004ec70000)]
  0x0000000041782800 JavaThread "Thread-17" daemon [_thread_in_native, id=17904, stack(0x000000004ea70000,0x000000004eb70000)]
  0x0000000041781800 JavaThread "Thread-16" daemon [_thread_in_native, id=10864, stack(0x000000004e970000,0x000000004ea70000)]
  0x0000000041780800 JavaThread "Thread-15" daemon [_thread_in_native, id=17860, stack(0x000000004e870000,0x000000004e970000)]
  0x0000000041780000 JavaThread "Thread-14" daemon [_thread_in_native, id=8728, stack(0x000000004e770000,0x000000004e870000)]
  0x0000000041784000 JavaThread "Thread-13" daemon [_thread_in_native, id=14520, stack(0x000000004e670000,0x000000004e770000)]
  0x0000000041784800 JavaThread "Thread-12" daemon [_thread_in_native, id=13020, stack(0x000000004e570000,0x000000004e670000)]
  0x0000000041785800 JavaThread "Thread-11" daemon [_thread_in_native, id=6248, stack(0x000000004abe0000,0x000000004ace0000)]
  0x000000004177b800 JavaThread "Timer-0" daemon [_thread_blocked, id=10024, stack(0x000000004a840000,0x000000004a940000)]
  0x0000000041779000 JavaThread "Snooper Timer" daemon [_thread_blocked, id=10128, stack(0x000000003d980000,0x000000003da80000)]
  0x0000000041958000 JavaThread "Timer hack thread" daemon [_thread_blocked, id=16228, stack(0x000000003d5d0000,0x000000003d6d0000)]
  0x0000000031320000 JavaThread "Thread-2" daemon [_thread_in_native, id=17956, stack(0x0000000033430000,0x0000000033530000)]
  0x000000003131f800 JavaThread "Thread-1" daemon [_thread_blocked, id=9072, stack(0x0000000033330000,0x0000000033430000)]
  0x000000002fe1e800 JavaThread "Service Thread" daemon [_thread_blocked, id=9412, stack(0x0000000030c20000,0x0000000030d20000)]
  0x000000002fe04000 JavaThread "C1 CompilerThread3" daemon [_thread_blocked, id=15940, stack(0x0000000030720000,0x0000000030820000)]
  0x000000002fdfa800 JavaThread "C2 CompilerThread2" daemon [_thread_blocked, id=11464, stack(0x0000000030620000,0x0000000030720000)]
  0x000000002fdfa000 JavaThread "C2 CompilerThread1" daemon [_thread_blocked, id=10232, stack(0x0000000030520000,0x0000000030620000)]
  0x000000002fdf6000 JavaThread "C2 CompilerThread0" daemon [_thread_blocked, id=3104, stack(0x0000000030420000,0x0000000030520000)]
  0x000000002fdab800 JavaThread "Attach Listener" daemon [_thread_blocked, id=12960, stack(0x0000000030320000,0x0000000030420000)]
  0x000000002fdaa800 JavaThread "Signal Dispatcher" daemon [_thread_blocked, id=13408, stack(0x0000000030220000,0x0000000030320000)]
  0x000000002fda9800 JavaThread "Surrogate Locker Thread (Concurrent GC)" daemon [_thread_blocked, id=14280, stack(0x0000000030120000,0x0000000030220000)]
  0x000000002fd94000 JavaThread "Finalizer" daemon [_thread_blocked, id=216, stack(0x0000000030020000,0x0000000030120000)]
  0x000000002fd8e000 JavaThread "Reference Handler" daemon [_thread_blocked, id=9460, stack(0x000000002ff20000,0x0000000030020000)]
=>0x0000000002714000 JavaThread "Render thread" [_thread_in_Java, id=11692, stack(0x0000000002610000,0x0000000002710000)]

Other Threads:
  0x000000002fd88000 VMThread [stack: 0x000000002fe20000,0x000000002ff20000] [id=11276]
  0x0000000030898800 WatcherThread [stack: 0x0000000030d20000,0x0000000030e20000] [id=6616]

VM state:not at safepoint (normal execution)

VM Mutex/Monitor currently owned by a thread: None

Heap:
 garbage-first heap   total 8486912K, used 4076961K [0x0000000540000000, 0x0000000542000818, 0x00000007c0000000)
  region size 32768K, 17 young (557056K), 1 survivors (32768K)
 Metaspace       used 397147K, capacity 462277K, committed 462468K, reserved 1417216K
  class space    used 75012K, capacity 94413K, committed 94432K, reserved 1048576K

Heap Regions: (Y=young(eden), SU=young(survivor), HS=humongous(starts), HC=humongous(continues), CS=collection set, F=free, TS=gc time stamp, PTAMS=previous top-at-mark-start, NTAMS=next top-at-mark-start)
AC   0  O    TS     0 PTAMS 0x0000000542000000 NTAMS 0x0000000542000000 space 32768K, 100% used [0x0000000540000000, 0x0000000542000000)
AC   0  O    TS     0 PTAMS 0x0000000544000000 NTAMS 0x0000000544000000 space 32768K, 100% used [0x0000000542000000, 0x0000000544000000)
AC   0  O    TS     0 PTAMS 0x0000000546000000 NTAMS 0x0000000546000000 space 32768K, 100% used [0x0000000544000000, 0x0000000546000000)
AC   0  O    TS     0 PTAMS 0x0000000548000000 NTAMS 0x0000000548000000 space 32768K, 100% used [0x0000000546000000, 0x0000000548000000)
AC   0  O    TS     0 PTAMS 0x000000054a000000 NTAMS 0x000000054a000000 space 32768K, 100% used [0x0000000548000000, 0x000000054a000000)
AC   0  O    TS     0 PTAMS 0x000000054c000000 NTAMS 0x000000054c000000 space 32768K, 100% used [0x000000054a000000, 0x000000054c000000)
AC   0  O    TS     0 PTAMS 0x000000054e000000 NTAMS 0x000000054e000000 space 32768K, 100% used [0x000000054c000000, 0x000000054e000000)
AC   0  O    TS     0 PTAMS 0x0000000550000000 NTAMS 0x0000000550000000 space 32768K, 100% used [0x000000054e000000, 0x0000000550000000)
AC   0  O    TS     0 PTAMS 0x0000000552000000 NTAMS 0x0000000552000000 space 32768K, 100% used [0x0000000550000000, 0x0000000552000000)
AC   0  O    TS     0 PTAMS 0x0000000554000000 NTAMS 0x0000000554000000 space 32768K, 100% used [0x0000000552000000, 0x0000000554000000)
AC   0  O    TS     0 PTAMS 0x0000000556000000 NTAMS 0x0000000556000000 space 32768K, 100% used [0x0000000554000000, 0x0000000556000000)
AC   0  O    TS     0 PTAMS 0x0000000558000000 NTAMS 0x0000000558000000 space 32768K, 100% used [0x0000000556000000, 0x0000000558000000)
AC   0  O    TS     0 PTAMS 0x000000055a000000 NTAMS 0x000000055a000000 space 32768K, 100% used [0x0000000558000000, 0x000000055a000000)
AC   0  O    TS     0 PTAMS 0x000000055c000000 NTAMS 0x000000055c000000 space 32768K, 100% used [0x000000055a000000, 0x000000055c000000)
AC   0  O    TS     0 PTAMS 0x000000055e000000 NTAMS 0x000000055e000000 space 32768K, 100% used [0x000000055c000000, 0x000000055e000000)
AC   0  O    TS     0 PTAMS 0x0000000560000000 NTAMS 0x0000000560000000 space 32768K, 100% used [0x000000055e000000, 0x0000000560000000)
AC   0  O    TS     0 PTAMS 0x0000000562000000 NTAMS 0x0000000562000000 space 32768K, 100% used [0x0000000560000000, 0x0000000562000000)
AC   0  O    TS     0 PTAMS 0x0000000564000000 NTAMS 0x0000000564000000 space 32768K, 100% used [0x0000000562000000, 0x0000000564000000)
AC   0  O    TS     0 PTAMS 0x0000000566000000 NTAMS 0x0000000566000000 space 32768K, 100% used [0x0000000564000000, 0x0000000566000000)
AC   0  O    TS     0 PTAMS 0x0000000568000000 NTAMS 0x0000000568000000 space 32768K, 100% used [0x0000000566000000, 0x0000000568000000)
AC   0  O    TS    37 PTAMS 0x0000000568000000 NTAMS 0x0000000568000000 space 32768K, 100% used [0x0000000568000000, 0x000000056a000000)
AC   0  O    TS    43 PTAMS 0x000000056a000000 NTAMS 0x000000056a000000 space 32768K, 100% used [0x000000056a000000, 0x000000056c000000)
AC   0  O    TS     0 PTAMS 0x000000056e000000 NTAMS 0x000000056e000000 space 32768K, 100% used [0x000000056c000000, 0x000000056e000000)
AC   0  O    TS     0 PTAMS 0x0000000570000000 NTAMS 0x0000000570000000 space 32768K, 100% used [0x000000056e000000, 0x0000000570000000)
AC   0  O    TS     5 PTAMS 0x0000000570000000 NTAMS 0x0000000570000000 space 32768K, 100% used [0x0000000570000000, 0x0000000572000000)
AC   0  O    TS     0 PTAMS 0x0000000574000000 NTAMS 0x0000000574000000 space 32768K, 100% used [0x0000000572000000, 0x0000000574000000)
AC   0  O    TS     0 PTAMS 0x0000000576000000 NTAMS 0x0000000576000000 space 32768K, 100% used [0x0000000574000000, 0x0000000576000000)
AC   0  O    TS     0 PTAMS 0x0000000578000000 NTAMS 0x0000000578000000 space 32768K, 100% used [0x0000000576000000, 0x0000000578000000)
AC   0  O    TS     0 PTAMS 0x000000057a000000 NTAMS 0x000000057a000000 space 32768K, 100% used [0x0000000578000000, 0x000000057a000000)
AC   0  O    TS     0 PTAMS 0x000000057c000000 NTAMS 0x000000057c000000 space 32768K, 100% used [0x000000057a000000, 0x000000057c000000)
AC   0  O    TS     0 PTAMS 0x000000057e000000 NTAMS 0x000000057e000000 space 32768K, 100% used [0x000000057c000000, 0x000000057e000000)
AC   0  O    TS     0 PTAMS 0x0000000580000000 NTAMS 0x0000000580000000 space 32768K, 100% used [0x000000057e000000, 0x0000000580000000)
AC   0  O    TS    11 PTAMS 0x0000000580000000 NTAMS 0x0000000580000000 space 32768K, 100% used [0x0000000580000000, 0x0000000582000000)
AC   0  O    TS    11 PTAMS 0x0000000582000000 NTAMS 0x0000000582000000 space 32768K, 100% used [0x0000000582000000, 0x0000000584000000)
AC   0  O    TS   237 PTAMS 0x0000000584000000 NTAMS 0x0000000584000000 space 32768K, 100% used [0x0000000584000000, 0x0000000586000000)
AC   0  O    TS     7 PTAMS 0x0000000586000000 NTAMS 0x0000000586000000 space 32768K, 100% used [0x0000000586000000, 0x0000000588000000)
AC   0  O    TS     0 PTAMS 0x000000058a000000 NTAMS 0x000000058a000000 space 32768K, 100% used [0x0000000588000000, 0x000000058a000000)
AC   0  O    TS     0 PTAMS 0x000000058c000000 NTAMS 0x000000058c000000 space 32768K, 100% used [0x000000058a000000, 0x000000058c000000)
AC   0  O    TS    11 PTAMS 0x000000058c000000 NTAMS 0x000000058c000000 space 32768K, 100% used [0x000000058c000000, 0x000000058e000000)
AC   0  O    TS    11 PTAMS 0x000000058e000000 NTAMS 0x000000058e000000 space 32768K, 100% used [0x000000058e000000, 0x0000000590000000)
AC   0  O    TS     0 PTAMS 0x0000000592000000 NTAMS 0x0000000592000000 space 32768K, 100% used [0x0000000590000000, 0x0000000592000000)
AC   0  O    TS     0 PTAMS 0x0000000594000000 NTAMS 0x0000000594000000 space 32768K, 100% used [0x0000000592000000, 0x0000000594000000)
AC   0  O    TS   365 PTAMS 0x0000000594000000 NTAMS 0x0000000594000000 space 32768K, 100% used [0x0000000594000000, 0x0000000596000000)
AC   0  O    TS     0 PTAMS 0x0000000598000000 NTAMS 0x0000000598000000 space 32768K, 100% used [0x0000000596000000, 0x0000000598000000)
AC   0  O    TS     0 PTAMS 0x000000059a000000 NTAMS 0x000000059a000000 space 32768K, 100% used [0x0000000598000000, 0x000000059a000000)
AC   0  O    TS    11 PTAMS 0x000000059a000000 NTAMS 0x000000059a000000 space 32768K, 100% used [0x000000059a000000, 0x000000059c000000)
AC   0  O    TS     0 PTAMS 0x000000059e000000 NTAMS 0x000000059e000000 space 32768K, 100% used [0x000000059c000000, 0x000000059e000000)
AC   0  O    TS   491 PTAMS 0x000000059e000000 NTAMS 0x000000059e000000 space 32768K, 100% used [0x000000059e000000, 0x00000005a0000000)
AC   0  O    TS     0 PTAMS 0x00000005a2000000 NTAMS 0x00000005a2000000 space 32768K, 100% used [0x00000005a0000000, 0x00000005a2000000)
AC   0  O    TS   557 PTAMS 0x00000005a2000000 NTAMS 0x00000005a2000000 space 32768K,  66% used [0x00000005a2000000, 0x00000005a4000000)
AC   0  O    TS     0 PTAMS 0x00000005a6000000 NTAMS 0x00000005a6000000 space 32768K, 100% used [0x00000005a4000000, 0x00000005a6000000)
AC   0  O    TS     0 PTAMS 0x00000005a8000000 NTAMS 0x00000005a8000000 space 32768K, 100% used [0x00000005a6000000, 0x00000005a8000000)
AC   0  O    TS     9 PTAMS 0x00000005a8000000 NTAMS 0x00000005a8000000 space 32768K, 100% used [0x00000005a8000000, 0x00000005aa000000)
AC   0  O    TS     0 PTAMS 0x00000005ac000000 NTAMS 0x00000005ac000000 space 32768K, 100% used [0x00000005aa000000, 0x00000005ac000000)
AC   0  O    TS     0 PTAMS 0x00000005ae000000 NTAMS 0x00000005ae000000 space 32768K, 100% used [0x00000005ac000000, 0x00000005ae000000)
AC   0  O    TS     9 PTAMS 0x00000005ae000000 NTAMS 0x00000005ae000000 space 32768K, 100% used [0x00000005ae000000, 0x00000005b0000000)
AC   0  O    TS     7 PTAMS 0x00000005b0000000 NTAMS 0x00000005b0000000 space 32768K, 100% used [0x00000005b0000000, 0x00000005b2000000)
AC   0  O    TS     0 PTAMS 0x00000005b4000000 NTAMS 0x00000005b4000000 space 32768K, 100% used [0x00000005b2000000, 0x00000005b4000000)
AC   0  F    TS     0 PTAMS 0x00000005b4000000 NTAMS 0x00000005b4000000 space 32768K,   0% used [0x00000005b4000000, 0x00000005b6000000)
AC   0  O    TS     0 PTAMS 0x00000005b8000000 NTAMS 0x00000005b8000000 space 32768K, 100% used [0x00000005b6000000, 0x00000005b8000000)
AC   0  O    TS     0 PTAMS 0x00000005ba000000 NTAMS 0x00000005ba000000 space 32768K, 100% used [0x00000005b8000000, 0x00000005ba000000)
AC   0  O    TS     0 PTAMS 0x00000005bc000000 NTAMS 0x00000005bc000000 space 32768K, 100% used [0x00000005ba000000, 0x00000005bc000000)
AC   0  F    TS     0 PTAMS 0x00000005bc000000 NTAMS 0x00000005bc000000 space 32768K,   0% used [0x00000005bc000000, 0x00000005be000000)
AC   0  O    TS     0 PTAMS 0x00000005c0000000 NTAMS 0x00000005c0000000 space 32768K, 100% used [0x00000005be000000, 0x00000005c0000000)
AC   0  O    TS     0 PTAMS 0x00000005c2000000 NTAMS 0x00000005c2000000 space 32768K, 100% used [0x00000005c0000000, 0x00000005c2000000)
AC   0  O    TS     0 PTAMS 0x00000005c4000000 NTAMS 0x00000005c4000000 space 32768K, 100% used [0x00000005c2000000, 0x00000005c4000000)
AC   0  O    TS     0 PTAMS 0x00000005c6000000 NTAMS 0x00000005c6000000 space 32768K, 100% used [0x00000005c4000000, 0x00000005c6000000)
AC   0  O    TS     7 PTAMS 0x00000005c6000000 NTAMS 0x00000005c6000000 space 32768K, 100% used [0x00000005c6000000, 0x00000005c8000000)
AC   0  O    TS     0 PTAMS 0x00000005ca000000 NTAMS 0x00000005ca000000 space 32768K, 100% used [0x00000005c8000000, 0x00000005ca000000)
AC   0  O    TS     0 PTAMS 0x00000005cc000000 NTAMS 0x00000005cc000000 space 32768K, 100% used [0x00000005ca000000, 0x00000005cc000000)
AC   0  O    TS     1 PTAMS 0x00000005cc000000 NTAMS 0x00000005cc000000 space 32768K, 100% used [0x00000005cc000000, 0x00000005ce000000)
AC   0  O    TS     5 PTAMS 0x00000005ce000000 NTAMS 0x00000005ce000000 space 32768K, 100% used [0x00000005ce000000, 0x00000005d0000000)
AC   0  O    TS     0 PTAMS 0x00000005d2000000 NTAMS 0x00000005d2000000 space 32768K, 100% used [0x00000005d0000000, 0x00000005d2000000)
AC   0  O    TS     5 PTAMS 0x00000005d2000000 NTAMS 0x00000005d2000000 space 32768K, 100% used [0x00000005d2000000, 0x00000005d4000000)
AC   0  O    TS     1 PTAMS 0x00000005d4000000 NTAMS 0x00000005d4000000 space 32768K, 100% used [0x00000005d4000000, 0x00000005d6000000)
AC   0  O    TS     0 PTAMS 0x00000005d8000000 NTAMS 0x00000005d8000000 space 32768K, 100% used [0x00000005d6000000, 0x00000005d8000000)
AC   0  F    TS     0 PTAMS 0x00000005d8000000 NTAMS 0x00000005d8000000 space 32768K,   0% used [0x00000005d8000000, 0x00000005da000000)
AC   0  O    TS     1 PTAMS 0x00000005da000000 NTAMS 0x00000005da000000 space 32768K, 100% used [0x00000005da000000, 0x00000005dc000000)
AC   0  O    TS     0 PTAMS 0x00000005de000000 NTAMS 0x00000005de000000 space 32768K, 100% used [0x00000005dc000000, 0x00000005de000000)
AC   0  O    TS     0 PTAMS 0x00000005e0000000 NTAMS 0x00000005e0000000 space 32768K, 100% used [0x00000005de000000, 0x00000005e0000000)
AC   0  O    TS     0 PTAMS 0x00000005e2000000 NTAMS 0x00000005e2000000 space 32768K, 100% used [0x00000005e0000000, 0x00000005e2000000)
AC   0  O    TS     0 PTAMS 0x00000005e4000000 NTAMS 0x00000005e4000000 space 32768K, 100% used [0x00000005e2000000, 0x00000005e4000000)
AC   0  O    TS     5 PTAMS 0x00000005e4000000 NTAMS 0x00000005e4000000 space 32768K, 100% used [0x00000005e4000000, 0x00000005e6000000)
AC   0  O    TS     5 PTAMS 0x00000005e6000000 NTAMS 0x00000005e6000000 space 32768K, 100% used [0x00000005e6000000, 0x00000005e8000000)
AC   0  O    TS     1 PTAMS 0x00000005e8000000 NTAMS 0x00000005e8000000 space 32768K, 100% used [0x00000005e8000000, 0x00000005ea000000)
AC   0  O    TS     5 PTAMS 0x00000005ea000000 NTAMS 0x00000005ea000000 space 32768K, 100% used [0x00000005ea000000, 0x00000005ec000000)
AC   0  O    TS     5 PTAMS 0x00000005ec000000 NTAMS 0x00000005ec000000 space 32768K, 100% used [0x00000005ec000000, 0x00000005ee000000)
AC   0  O    TS     1 PTAMS 0x00000005ee000000 NTAMS 0x00000005ee000000 space 32768K, 100% used [0x00000005ee000000, 0x00000005f0000000)
AC   0  O    TS     5 PTAMS 0x00000005f0000000 NTAMS 0x00000005f0000000 space 32768K, 100% used [0x00000005f0000000, 0x00000005f2000000)
AC   0  O    TS     5 PTAMS 0x00000005f2000000 NTAMS 0x00000005f2000000 space 32768K, 100% used [0x00000005f2000000, 0x00000005f4000000)
AC   0  O    TS     7 PTAMS 0x00000005f4000000 NTAMS 0x00000005f4000000 space 32768K, 100% used [0x00000005f4000000, 0x00000005f6000000)
AC   0  O    TS     7 PTAMS 0x00000005f6000000 NTAMS 0x00000005f6000000 space 32768K, 100% used [0x00000005f6000000, 0x00000005f8000000)
AC   0  O    TS     7 PTAMS 0x00000005f8000000 NTAMS 0x00000005f8000000 space 32768K, 100% used [0x00000005f8000000, 0x00000005fa000000)
AC   0  O    TS     9 PTAMS 0x00000005fa000000 NTAMS 0x00000005fa000000 space 32768K, 100% used [0x00000005fa000000, 0x00000005fc000000)
AC   0  O    TS     9 PTAMS 0x00000005fc000000 NTAMS 0x00000005fc000000 space 32768K, 100% used [0x00000005fc000000, 0x00000005fe000000)
AC   0  O    TS     9 PTAMS 0x00000005fe000000 NTAMS 0x00000005fe000000 space 32768K, 100% used [0x00000005fe000000, 0x0000000600000000)
AC   0  O    TS     9 PTAMS 0x0000000600000000 NTAMS 0x0000000600000000 space 32768K, 100% used [0x0000000600000000, 0x0000000602000000)
AC   0  O    TS     9 PTAMS 0x0000000602000000 NTAMS 0x0000000602000000 space 32768K, 100% used [0x0000000602000000, 0x0000000604000000)
AC   0  F    TS     0 PTAMS 0x0000000604000000 NTAMS 0x0000000604000000 space 32768K,   0% used [0x0000000604000000, 0x0000000606000000)
AC   0  F    TS     0 PTAMS 0x0000000606000000 NTAMS 0x0000000606000000 space 32768K,   0% used [0x0000000606000000, 0x0000000608000000)
AC   0  O    TS    11 PTAMS 0x0000000608000000 NTAMS 0x0000000608000000 space 32768K, 100% used [0x0000000608000000, 0x000000060a000000)
AC   0  F    TS     0 PTAMS 0x000000060a000000 NTAMS 0x000000060a000000 space 32768K,   0% used [0x000000060a000000, 0x000000060c000000)
AC   0  F    TS     0 PTAMS 0x000000060c000000 NTAMS 0x000000060c000000 space 32768K,   0% used [0x000000060c000000, 0x000000060e000000)
AC   0  F    TS     0 PTAMS 0x000000060e000000 NTAMS 0x000000060e000000 space 32768K,   0% used [0x000000060e000000, 0x0000000610000000)
AC   0  F    TS     0 PTAMS 0x0000000610000000 NTAMS 0x0000000610000000 space 32768K,   0% used [0x0000000610000000, 0x0000000612000000)
AC   0  F    TS     0 PTAMS 0x0000000612000000 NTAMS 0x0000000612000000 space 32768K,   0% used [0x0000000612000000, 0x0000000614000000)
AC   0  F    TS     0 PTAMS 0x0000000614000000 NTAMS 0x0000000614000000 space 32768K,   0% used [0x0000000614000000, 0x0000000616000000)
AC   0  F    TS     0 PTAMS 0x0000000616000000 NTAMS 0x0000000616000000 space 32768K,   0% used [0x0000000616000000, 0x0000000618000000)
AC   0  F    TS     0 PTAMS 0x0000000618000000 NTAMS 0x0000000618000000 space 32768K,   0% used [0x0000000618000000, 0x000000061a000000)
AC   0  F    TS     0 PTAMS 0x000000061a000000 NTAMS 0x000000061a000000 space 32768K,   0% used [0x000000061a000000, 0x000000061c000000)
AC   0  F    TS     0 PTAMS 0x000000061c000000 NTAMS 0x000000061c000000 space 32768K,   0% used [0x000000061c000000, 0x000000061e000000)
AC   0  F    TS     0 PTAMS 0x000000061e000000 NTAMS 0x000000061e000000 space 32768K,   0% used [0x000000061e000000, 0x0000000620000000)
AC   0  F    TS     0 PTAMS 0x0000000620000000 NTAMS 0x0000000620000000 space 32768K,   0% used [0x0000000620000000, 0x0000000622000000)
AC   0  F    TS     0 PTAMS 0x0000000622000000 NTAMS 0x0000000622000000 space 32768K,   0% used [0x0000000622000000, 0x0000000624000000)
AC   0  F    TS     0 PTAMS 0x0000000624000000 NTAMS 0x0000000624000000 space 32768K,   0% used [0x0000000624000000, 0x0000000626000000)
AC   0  F    TS     0 PTAMS 0x0000000626000000 NTAMS 0x0000000626000000 space 32768K,   0% used [0x0000000626000000, 0x0000000628000000)
AC   0  O    TS     0 PTAMS 0x000000062a000000 NTAMS 0x000000062a000000 space 32768K, 100% used [0x0000000628000000, 0x000000062a000000)
AC   0  F    TS     0 PTAMS 0x000000062a000000 NTAMS 0x000000062a000000 space 32768K,   0% used [0x000000062a000000, 0x000000062c000000)
AC   0  F    TS     0 PTAMS 0x000000062c000000 NTAMS 0x000000062c000000 space 32768K,   0% used [0x000000062c000000, 0x000000062e000000)
AC   0  F    TS     0 PTAMS 0x000000062e000000 NTAMS 0x000000062e000000 space 32768K,   0% used [0x000000062e000000, 0x0000000630000000)
AC   0  F    TS     0 PTAMS 0x0000000630000000 NTAMS 0x0000000630000000 space 32768K,   0% used [0x0000000630000000, 0x0000000632000000)
AC   0  O    TS     0 PTAMS 0x0000000634000000 NTAMS 0x0000000634000000 space 32768K, 100% used [0x0000000632000000, 0x0000000634000000)
AC   0  O    TS     0 PTAMS 0x0000000636000000 NTAMS 0x0000000636000000 space 32768K, 100% used [0x0000000634000000, 0x0000000636000000)
AC   0  F    TS     0 PTAMS 0x0000000636000000 NTAMS 0x0000000636000000 space 32768K,   0% used [0x0000000636000000, 0x0000000638000000)
AC   0  F    TS     0 PTAMS 0x0000000638000000 NTAMS 0x0000000638000000 space 32768K,   0% used [0x0000000638000000, 0x000000063a000000)
AC   0  F    TS     0 PTAMS 0x000000063a000000 NTAMS 0x000000063a000000 space 32768K,   0% used [0x000000063a000000, 0x000000063c000000)
AC   0  O    TS     1 PTAMS 0x000000063d000008 NTAMS 0x000000063d000008 space 32768K, 100% used [0x000000063c000000, 0x000000063e000000)
AC   0  O    TS     3 PTAMS 0x000000063e000000 NTAMS 0x000000063e000000 space 32768K, 100% used [0x000000063e000000, 0x0000000640000000)
AC   0  O    TS     3 PTAMS 0x0000000640000000 NTAMS 0x0000000640000000 space 32768K, 100% used [0x0000000640000000, 0x0000000642000000)
AC   0  O    TS     3 PTAMS 0x0000000642000000 NTAMS 0x0000000642000000 space 32768K, 100% used [0x0000000642000000, 0x0000000644000000)
AC   0  O    TS     3 PTAMS 0x0000000644000000 NTAMS 0x0000000644000000 space 32768K, 100% used [0x0000000644000000, 0x0000000646000000)
AC   0  O    TS     3 PTAMS 0x0000000646000000 NTAMS 0x0000000646000000 space 32768K, 100% used [0x0000000646000000, 0x0000000648000000)
AC   0  O    TS     3 PTAMS 0x0000000648000000 NTAMS 0x0000000648000000 space 32768K, 100% used [0x0000000648000000, 0x000000064a000000)
AC   0  O    TS     3 PTAMS 0x000000064a000000 NTAMS 0x000000064a000000 space 32768K, 100% used [0x000000064a000000, 0x000000064c000000)
AC   0  O    TS     3 PTAMS 0x000000064c000000 NTAMS 0x000000064c000000 space 32768K, 100% used [0x000000064c000000, 0x000000064e000000)
AC   0  O    TS     5 PTAMS 0x000000064e000000 NTAMS 0x000000064e000000 space 32768K, 100% used [0x000000064e000000, 0x0000000650000000)
AC   0  F    TS     0 PTAMS 0x0000000650000000 NTAMS 0x0000000650000000 space 32768K,   0% used [0x0000000650000000, 0x0000000652000000)
AC   0  F    TS     0 PTAMS 0x0000000652000000 NTAMS 0x0000000652000000 space 32768K,   0% used [0x0000000652000000, 0x0000000654000000)
AC   0  F    TS     0 PTAMS 0x0000000654000000 NTAMS 0x0000000654000000 space 32768K,   0% used [0x0000000654000000, 0x0000000656000000)
AC   0  F    TS     0 PTAMS 0x0000000656000000 NTAMS 0x0000000656000000 space 32768K,   0% used [0x0000000656000000, 0x0000000658000000)
AC   0  F    TS     0 PTAMS 0x0000000658000000 NTAMS 0x0000000658000000 space 32768K,   0% used [0x0000000658000000, 0x000000065a000000)
AC   0  F    TS     0 PTAMS 0x000000065a000000 NTAMS 0x000000065a000000 space 32768K,   0% used [0x000000065a000000, 0x000000065c000000)
AC   0  F    TS     0 PTAMS 0x000000065c000000 NTAMS 0x000000065c000000 space 32768K,   0% used [0x000000065c000000, 0x000000065e000000)
AC   0  F    TS     0 PTAMS 0x000000065e000000 NTAMS 0x000000065e000000 space 32768K,   0% used [0x000000065e000000, 0x0000000660000000)
AC   0  F    TS     0 PTAMS 0x0000000660000000 NTAMS 0x0000000660000000 space 32768K,   0% used [0x0000000660000000, 0x0000000662000000)
AC   0  F    TS     0 PTAMS 0x0000000662000000 NTAMS 0x0000000662000000 space 32768K,   0% used [0x0000000662000000, 0x0000000664000000)
AC   0  F    TS     0 PTAMS 0x0000000664000000 NTAMS 0x0000000664000000 space 32768K,   0% used [0x0000000664000000, 0x0000000666000000)
AC   0  F    TS     0 PTAMS 0x0000000666000000 NTAMS 0x0000000666000000 space 32768K,   0% used [0x0000000666000000, 0x0000000668000000)
AC   0  F    TS     0 PTAMS 0x0000000668000000 NTAMS 0x0000000668000000 space 32768K,   0% used [0x0000000668000000, 0x000000066a000000)
AC   0  F    TS     0 PTAMS 0x000000066a000000 NTAMS 0x000000066a000000 space 32768K,   0% used [0x000000066a000000, 0x000000066c000000)
AC   0  F    TS     0 PTAMS 0x000000066c000000 NTAMS 0x000000066c000000 space 32768K,   0% used [0x000000066c000000, 0x000000066e000000)
AC   0  F    TS     0 PTAMS 0x000000066e000000 NTAMS 0x000000066e000000 space 32768K,   0% used [0x000000066e000000, 0x0000000670000000)
AC   0  F    TS     0 PTAMS 0x0000000670000000 NTAMS 0x0000000670000000 space 32768K,   0% used [0x0000000670000000, 0x0000000672000000)
AC   0  F    TS     0 PTAMS 0x0000000672000000 NTAMS 0x0000000672000000 space 32768K,   0% used [0x0000000672000000, 0x0000000674000000)
AC   0  F    TS     0 PTAMS 0x0000000674000000 NTAMS 0x0000000674000000 space 32768K,   0% used [0x0000000674000000, 0x0000000676000000)
AC   0  F    TS     0 PTAMS 0x0000000676000000 NTAMS 0x0000000676000000 space 32768K,   0% used [0x0000000676000000, 0x0000000678000000)
AC   0  F    TS   175 PTAMS 0x0000000678000000 NTAMS 0x0000000678000000 space 32768K,   0% used [0x0000000678000000, 0x000000067a000000)
AC   0  F    TS   219 PTAMS 0x000000067a000000 NTAMS 0x000000067a000000 space 32768K,   0% used [0x000000067a000000, 0x000000067c000000)
AC   0  F    TS   341 PTAMS 0x000000067c000000 NTAMS 0x000000067c000000 space 32768K,   0% used [0x000000067c000000, 0x000000067e000000)
AC   0  F    TS   487 PTAMS 0x000000067e000000 NTAMS 0x000000067e000000 space 32768K,   0% used [0x000000067e000000, 0x0000000680000000)
AC   0  F    TS   521 PTAMS 0x0000000680000000 NTAMS 0x0000000680000000 space 32768K,   0% used [0x0000000680000000, 0x0000000682000000)
AC   0  F    TS   525 PTAMS 0x0000000682000000 NTAMS 0x0000000682000000 space 32768K,   0% used [0x0000000682000000, 0x0000000684000000)
AC   0  F    TS   523 PTAMS 0x0000000684000000 NTAMS 0x0000000684000000 space 32768K,   0% used [0x0000000684000000, 0x0000000686000000)
AC   0  F    TS   493 PTAMS 0x0000000686000000 NTAMS 0x0000000686000000 space 32768K,   0% used [0x0000000686000000, 0x0000000688000000)
AC   0  F    TS    47 PTAMS 0x0000000688000000 NTAMS 0x0000000688000000 space 32768K,   0% used [0x0000000688000000, 0x000000068a000000)
AC   0  F    TS     0 PTAMS 0x000000068a000000 NTAMS 0x000000068a000000 space 32768K,   0% used [0x000000068a000000, 0x000000068c000000)
AC   0  F    TS   111 PTAMS 0x000000068c000000 NTAMS 0x000000068c000000 space 32768K,   0% used [0x000000068c000000, 0x000000068e000000)
AC   0  F    TS   319 PTAMS 0x000000068e000000 NTAMS 0x000000068e000000 space 32768K,   0% used [0x000000068e000000, 0x0000000690000000)
AC   0  F    TS   327 PTAMS 0x0000000690000000 NTAMS 0x0000000690000000 space 32768K,   0% used [0x0000000690000000, 0x0000000692000000)
AC   0  F    TS   423 PTAMS 0x0000000692000000 NTAMS 0x0000000692000000 space 32768K,   0% used [0x0000000692000000, 0x0000000694000000)
AC   0  F    TS   427 PTAMS 0x0000000694000000 NTAMS 0x0000000694000000 space 32768K,   0% used [0x0000000694000000, 0x0000000696000000)
AC   0  F    TS   527 PTAMS 0x0000000696000000 NTAMS 0x0000000696000000 space 32768K,   0% used [0x0000000696000000, 0x0000000698000000)
AC   0  F    TS   471 PTAMS 0x0000000698000000 NTAMS 0x0000000698000000 space 32768K,   0% used [0x0000000698000000, 0x000000069a000000)
AC   0  F    TS    97 PTAMS 0x000000069a000000 NTAMS 0x000000069a000000 space 32768K,   0% used [0x000000069a000000, 0x000000069c000000)
AC   0  F    TS   103 PTAMS 0x000000069c000000 NTAMS 0x000000069c000000 space 32768K,   0% used [0x000000069c000000, 0x000000069e000000)
AC   0  F    TS   469 PTAMS 0x000000069e000000 NTAMS 0x000000069e000000 space 32768K,   0% used [0x000000069e000000, 0x00000006a0000000)
AC   0  F    TS    81 PTAMS 0x00000006a0000000 NTAMS 0x00000006a0000000 space 32768K,   0% used [0x00000006a0000000, 0x00000006a2000000)
AC   0  F    TS    93 PTAMS 0x00000006a2000000 NTAMS 0x00000006a2000000 space 32768K,   0% used [0x00000006a2000000, 0x00000006a4000000)
AC   0  F    TS   547 PTAMS 0x00000006a4000000 NTAMS 0x00000006a4000000 space 32768K,   0% used [0x00000006a4000000, 0x00000006a6000000)
AC   0  F    TS   541 PTAMS 0x00000006a6000000 NTAMS 0x00000006a6000000 space 32768K,   0% used [0x00000006a6000000, 0x00000006a8000000)
AC   0  F    TS   541 PTAMS 0x00000006a8000000 NTAMS 0x00000006a8000000 space 32768K,   0% used [0x00000006a8000000, 0x00000006aa000000)
AC   0  F    TS   155 PTAMS 0x00000006aa000000 NTAMS 0x00000006aa000000 space 32768K,   0% used [0x00000006aa000000, 0x00000006ac000000)
AC   0  F    TS   545 PTAMS 0x00000006ac000000 NTAMS 0x00000006ac000000 space 32768K,   0% used [0x00000006ac000000, 0x00000006ae000000)
AC   0  F    TS   545 PTAMS 0x00000006ae000000 NTAMS 0x00000006ae000000 space 32768K,   0% used [0x00000006ae000000, 0x00000006b0000000)
AC   0  F    TS   415 PTAMS 0x00000006b0000000 NTAMS 0x00000006b0000000 space 32768K,   0% used [0x00000006b0000000, 0x00000006b2000000)
AC   0  F    TS     0 PTAMS 0x00000006b2000000 NTAMS 0x00000006b2000000 space 32768K,   0% used [0x00000006b2000000, 0x00000006b4000000)
AC   0  F    TS    71 PTAMS 0x00000006b4000000 NTAMS 0x00000006b4000000 space 32768K,   0% used [0x00000006b4000000, 0x00000006b6000000)
AC   0  F    TS   333 PTAMS 0x00000006b6000000 NTAMS 0x00000006b6000000 space 32768K,   0% used [0x00000006b6000000, 0x00000006b8000000)
AC   0  S CS TS   557 PTAMS 0x00000006b8000000 NTAMS 0x00000006b8000000 space 32768K,  75% used [0x00000006b8000000, 0x00000006ba000000)
AC   0  F    TS     0 PTAMS 0x00000006ba000000 NTAMS 0x00000006ba000000 space 32768K,   0% used [0x00000006ba000000, 0x00000006bc000000)
AC   0  F    TS   551 PTAMS 0x00000006bc000000 NTAMS 0x00000006bc000000 space 32768K,   0% used [0x00000006bc000000, 0x00000006be000000)
AC   0  F    TS    51 PTAMS 0x00000006be000000 NTAMS 0x00000006be000000 space 32768K,   0% used [0x00000006be000000, 0x00000006c0000000)
AC   0  F    TS    43 PTAMS 0x00000006c0000000 NTAMS 0x00000006c0000000 space 32768K,   0% used [0x00000006c0000000, 0x00000006c2000000)
AC   0  F    TS   529 PTAMS 0x00000006c2000000 NTAMS 0x00000006c2000000 space 32768K,   0% used [0x00000006c2000000, 0x00000006c4000000)
AC   0  F    TS   529 PTAMS 0x00000006c4000000 NTAMS 0x00000006c4000000 space 32768K,   0% used [0x00000006c4000000, 0x00000006c6000000)
AC   0  F    TS    57 PTAMS 0x00000006c6000000 NTAMS 0x00000006c6000000 space 32768K,   0% used [0x00000006c6000000, 0x00000006c8000000)
AC   0  F    TS   533 PTAMS 0x00000006c8000000 NTAMS 0x00000006c8000000 space 32768K,   0% used [0x00000006c8000000, 0x00000006ca000000)
AC   0  F    TS   533 PTAMS 0x00000006ca000000 NTAMS 0x00000006ca000000 space 32768K,   0% used [0x00000006ca000000, 0x00000006cc000000)
AC   0  F    TS     0 PTAMS 0x00000006cc000000 NTAMS 0x00000006cc000000 space 32768K,   0% used [0x00000006cc000000, 0x00000006ce000000)
AC   0  F    TS     0 PTAMS 0x00000006ce000000 NTAMS 0x00000006ce000000 space 32768K,   0% used [0x00000006ce000000, 0x00000006d0000000)
AC   0  F    TS   329 PTAMS 0x00000006d0000000 NTAMS 0x00000006d0000000 space 32768K,   0% used [0x00000006d0000000, 0x00000006d2000000)
AC   0  F    TS   479 PTAMS 0x00000006d2000000 NTAMS 0x00000006d2000000 space 32768K,   0% used [0x00000006d2000000, 0x00000006d4000000)
AC   0  F    TS   451 PTAMS 0x00000006d4000000 NTAMS 0x00000006d4000000 space 32768K,   0% used [0x00000006d4000000, 0x00000006d6000000)
AC   0  F    TS     7 PTAMS 0x00000006d6000000 NTAMS 0x00000006d6000000 space 32768K,   0% used [0x00000006d6000000, 0x00000006d8000000)
AC   0  F    TS   549 PTAMS 0x00000006d8000000 NTAMS 0x00000006d8000000 space 32768K,   0% used [0x00000006d8000000, 0x00000006da000000)
AC   0  F    TS   289 PTAMS 0x00000006da000000 NTAMS 0x00000006da000000 space 32768K,   0% used [0x00000006da000000, 0x00000006dc000000)
AC   0  F    TS   475 PTAMS 0x00000006dc000000 NTAMS 0x00000006dc000000 space 32768K,   0% used [0x00000006dc000000, 0x00000006de000000)
AC   0  F    TS   555 PTAMS 0x00000006de000000 NTAMS 0x00000006de000000 space 32768K,   0% used [0x00000006de000000, 0x00000006e0000000)
AC   0  F    TS   553 PTAMS 0x00000006e0000000 NTAMS 0x00000006e0000000 space 32768K,   0% used [0x00000006e0000000, 0x00000006e2000000)
AC   0  F    TS   543 PTAMS 0x00000006e2000000 NTAMS 0x00000006e2000000 space 32768K,   0% used [0x00000006e2000000, 0x00000006e4000000)
AC   0  F    TS    37 PTAMS 0x00000006e4000000 NTAMS 0x00000006e4000000 space 32768K,   0% used [0x00000006e4000000, 0x00000006e6000000)
AC   0  F    TS     9 PTAMS 0x00000006e6000000 NTAMS 0x00000006e6000000 space 32768K,   0% used [0x00000006e6000000, 0x00000006e8000000)
AC   0  F    TS     9 PTAMS 0x00000006e8000000 NTAMS 0x00000006e8000000 space 32768K,   0% used [0x00000006e8000000, 0x00000006ea000000)
AC   0  F    TS     9 PTAMS 0x00000006ea000000 NTAMS 0x00000006ea000000 space 32768K,   0% used [0x00000006ea000000, 0x00000006ec000000)
AC   0  F    TS     5 PTAMS 0x00000006ec000000 NTAMS 0x00000006ec000000 space 32768K,   0% used [0x00000006ec000000, 0x00000006ee000000)
AC   0  F    TS     0 PTAMS 0x00000006ee000000 NTAMS 0x00000006ee000000 space 32768K,   0% used [0x00000006ee000000, 0x00000006f0000000)
AC   0  F    TS     0 PTAMS 0x00000006f0000000 NTAMS 0x00000006f0000000 space 32768K,   0% used [0x00000006f0000000, 0x00000006f2000000)
AC   0  F    TS     0 PTAMS 0x00000006f2000000 NTAMS 0x00000006f2000000 space 32768K,   0% used [0x00000006f2000000, 0x00000006f4000000)
AC   0  F    TS     0 PTAMS 0x00000006f4000000 NTAMS 0x00000006f4000000 space 32768K,   0% used [0x00000006f4000000, 0x00000006f6000000)
AC   0  F    TS     0 PTAMS 0x00000006f6000000 NTAMS 0x00000006f6000000 space 32768K,   0% used [0x00000006f6000000, 0x00000006f8000000)
AC   0  F    TS     0 PTAMS 0x00000006f8000000 NTAMS 0x00000006f8000000 space 32768K,   0% used [0x00000006f8000000, 0x00000006fa000000)
AC   0  F    TS     0 PTAMS 0x00000006fa000000 NTAMS 0x00000006fa000000 space 32768K,   0% used [0x00000006fa000000, 0x00000006fc000000)
AC   0  F    TS     0 PTAMS 0x00000006fc000000 NTAMS 0x00000006fc000000 space 32768K,   0% used [0x00000006fc000000, 0x00000006fe000000)
AC   0  F    TS     0 PTAMS 0x00000006fe000000 NTAMS 0x00000006fe000000 space 32768K,   0% used [0x00000006fe000000, 0x0000000700000000)
AC   0  F    TS     0 PTAMS 0x0000000700000000 NTAMS 0x0000000700000000 space 32768K,   0% used [0x0000000700000000, 0x0000000702000000)
AC   0  F    TS     0 PTAMS 0x0000000702000000 NTAMS 0x0000000702000000 space 32768K,   0% used [0x0000000702000000, 0x0000000704000000)
AC   0  F    TS     0 PTAMS 0x0000000704000000 NTAMS 0x0000000704000000 space 32768K,   0% used [0x0000000704000000, 0x0000000706000000)
AC   0  F    TS     0 PTAMS 0x0000000706000000 NTAMS 0x0000000706000000 space 32768K,   0% used [0x0000000706000000, 0x0000000708000000)
AC   0  F    TS     0 PTAMS 0x0000000708000000 NTAMS 0x0000000708000000 space 32768K,   0% used [0x0000000708000000, 0x000000070a000000)
AC   0  F    TS     0 PTAMS 0x000000070a000000 NTAMS 0x000000070a000000 space 32768K,   0% used [0x000000070a000000, 0x000000070c000000)
AC   0  F    TS     0 PTAMS 0x000000070c000000 NTAMS 0x000000070c000000 space 32768K,   0% used [0x000000070c000000, 0x000000070e000000)
AC   0  F    TS     0 PTAMS 0x000000070e000000 NTAMS 0x000000070e000000 space 32768K,   0% used [0x000000070e000000, 0x0000000710000000)
AC   0  F    TS     0 PTAMS 0x0000000710000000 NTAMS 0x0000000710000000 space 32768K,   0% used [0x0000000710000000, 0x0000000712000000)
AC   0  F    TS     0 PTAMS 0x0000000712000000 NTAMS 0x0000000712000000 space 32768K,   0% used [0x0000000712000000, 0x0000000714000000)
AC   0  F    TS     0 PTAMS 0x0000000714000000 NTAMS 0x0000000714000000 space 32768K,   0% used [0x0000000714000000, 0x0000000716000000)
AC   0  F    TS     0 PTAMS 0x0000000716000000 NTAMS 0x0000000716000000 space 32768K,   0% used [0x0000000716000000, 0x0000000718000000)
AC   0  F    TS     0 PTAMS 0x0000000718000000 NTAMS 0x0000000718000000 space 32768K,   0% used [0x0000000718000000, 0x000000071a000000)
AC   0  F    TS     0 PTAMS 0x000000071a000000 NTAMS 0x000000071a000000 space 32768K,   0% used [0x000000071a000000, 0x000000071c000000)
AC   0  F    TS     0 PTAMS 0x000000071c000000 NTAMS 0x000000071c000000 space 32768K,   0% used [0x000000071c000000, 0x000000071e000000)
AC   0  F    TS     0 PTAMS 0x000000071e000000 NTAMS 0x000000071e000000 space 32768K,   0% used [0x000000071e000000, 0x0000000720000000)
AC   0  F    TS     0 PTAMS 0x0000000720000000 NTAMS 0x0000000720000000 space 32768K,   0% used [0x0000000720000000, 0x0000000722000000)
AC   0  F    TS     0 PTAMS 0x0000000722000000 NTAMS 0x0000000722000000 space 32768K,   0% used [0x0000000722000000, 0x0000000724000000)
AC   0  F    TS     0 PTAMS 0x0000000724000000 NTAMS 0x0000000724000000 space 32768K,   0% used [0x0000000724000000, 0x0000000726000000)
AC   0  E    TS     0 PTAMS 0x0000000726000000 NTAMS 0x0000000726000000 space 32768K, 100% used [0x0000000726000000, 0x0000000728000000)
AC   0  E CS TS     0 PTAMS 0x0000000728000000 NTAMS 0x0000000728000000 space 32768K, 100% used [0x0000000728000000, 0x000000072a000000)
AC   0  E CS TS     0 PTAMS 0x000000072a000000 NTAMS 0x000000072a000000 space 32768K, 100% used [0x000000072a000000, 0x000000072c000000)
AC   0  E CS TS     0 PTAMS 0x000000072c000000 NTAMS 0x000000072c000000 space 32768K, 100% used [0x000000072c000000, 0x000000072e000000)
AC   0  E CS TS     0 PTAMS 0x000000072e000000 NTAMS 0x000000072e000000 space 32768K, 100% used [0x000000072e000000, 0x0000000730000000)
AC   0  E CS TS     0 PTAMS 0x0000000730000000 NTAMS 0x0000000730000000 space 32768K, 100% used [0x0000000730000000, 0x0000000732000000)
AC   0  E CS TS     0 PTAMS 0x0000000732000000 NTAMS 0x0000000732000000 space 32768K, 100% used [0x0000000732000000, 0x0000000734000000)
AC   0  E CS TS     0 PTAMS 0x0000000734000000 NTAMS 0x0000000734000000 space 32768K, 100% used [0x0000000734000000, 0x0000000736000000)
AC   0  E CS TS     0 PTAMS 0x0000000736000000 NTAMS 0x0000000736000000 space 32768K, 100% used [0x0000000736000000, 0x0000000738000000)
AC   0  E CS TS     0 PTAMS 0x0000000738000000 NTAMS 0x0000000738000000 space 32768K, 100% used [0x0000000738000000, 0x000000073a000000)
AC   0  E CS TS     0 PTAMS 0x000000073a000000 NTAMS 0x000000073a000000 space 32768K, 100% used [0x000000073a000000, 0x000000073c000000)
AC   0  E CS TS     0 PTAMS 0x000000073c000000 NTAMS 0x000000073c000000 space 32768K, 100% used [0x000000073c000000, 0x000000073e000000)
AC   0  E CS TS     0 PTAMS 0x000000073e000000 NTAMS 0x000000073e000000 space 32768K, 100% used [0x000000073e000000, 0x0000000740000000)
AC   0  E CS TS     0 PTAMS 0x0000000740000000 NTAMS 0x0000000740000000 space 32768K, 100% used [0x0000000740000000, 0x0000000742000000)
AC   0  E CS TS     0 PTAMS 0x0000000742000000 NTAMS 0x0000000742000000 space 32768K, 100% used [0x0000000742000000, 0x0000000744000000)
AC   0  E CS TS     0 PTAMS 0x0000000744000000 NTAMS 0x0000000744000000 space 32768K, 100% used [0x0000000744000000, 0x0000000746000000)

Card table byte_map: [0x0000000014970000,0x0000000015d70000] byte_map_base: 0x0000000011f70000

Marking Bits (Prev, Next): (CMBitMap*) 0x00000000027aace0, (CMBitMap*) 0x00000000027aac88
 Prev Bits: [0x0000000021170000, 0x000000002b170000)
 Next Bits: [0x0000000017170000, 0x0000000021170000)

Polling page: 0x0000000002450000

CodeCache: size=245760Kb used=167811Kb max_used=167956Kb free=77948Kb
 bounds [0x0000000002810000, 0x000000000cd30000, 0x0000000011810000]
 total_blobs=47119 nmethods=44300 adapters=2724
 compilation: enabled

Compilation events (10 events):
Event: 4097.599 Thread 0x000000002fdfa000 66600       4       mekanism.api.chemical.ChemicalTankBuilder$$Lambda$24775/1118613842::create (21 bytes)
Event: 4097.603 Thread 0x000000002fdfa000 nmethod 66600 0x000000000a90c9d0 code [0x000000000a90cb20, 0x000000000a90d118]
Event: 4098.921 Thread 0x000000002fe04000 66601       1       net.minecraft.fluid.WaterFluid::func_204521_c (4 bytes)
Event: 4098.922 Thread 0x000000002fe04000 nmethod 66601 0x0000000004b73e90 code [0x0000000004b73fe0, 0x0000000004b74110]
Event: 4104.775 Thread 0x000000002fdfa800 66602       4       mekanism.client.key.MekKeyHandler::isKeyPressed (63 bytes)
Event: 4104.782 Thread 0x000000002fdfa800 nmethod 66602 0x000000000c9ac850 code [0x000000000c9aca00, 0x000000000c9ace98]
Event: 4105.009 Thread 0x000000002fdfa000 66603       4       net.minecraft.client.settings.KeyBinding$$Lambda$28814/1545369480::get (8 bytes)
Event: 4105.012 Thread 0x000000002fdfa000 nmethod 66603 0x00000000064595d0 code [0x0000000006459720, 0x00000000064599b8]
Event: 4108.642 Thread 0x000000002fdf6000 66604       4       net.minecraftforge.client.settings.KeyModifier$4::getCombinedName (10 bytes)
Event: 4108.647 Thread 0x000000002fdf6000 nmethod 66604 0x000000000856f690 code [0x000000000856f800, 0x000000000856fb58]

GC Heap History (10 events):
Event: 4072.953 GC heap before
{Heap before GC invocations=507 (full 0):
 garbage-first heap   total 8486912K, used 5352759K [0x0000000540000000, 0x0000000542000818, 0x00000007c0000000)
  region size 32768K, 55 young (1802240K), 1 survivors (32768K)
 Metaspace       used 397128K, capacity 462269K, committed 462468K, reserved 1417216K
  class space    used 75012K, capacity 94413K, committed 94432K, reserved 1048576K
Event: 4073.003 GC heap after
Heap after GC invocations=508 (full 0):
 garbage-first heap   total 8486912K, used 3584623K [0x0000000540000000, 0x0000000542000818, 0x00000007c0000000)
  region size 32768K, 1 young (32768K), 1 survivors (32768K)
 Metaspace       used 397128K, capacity 462269K, committed 462468K, reserved 1417216K
  class space    used 75012K, capacity 94413K, committed 94432K, reserved 1048576K
}
Event: 4081.170 GC heap before
{Heap before GC invocations=508 (full 0):
 garbage-first heap   total 8486912K, used 5780079K [0x0000000540000000, 0x0000000542000818, 0x00000007c0000000)
  region size 32768K, 68 young (2228224K), 1 survivors (32768K)
 Metaspace       used 397128K, capacity 462269K, committed 462468K, reserved 1417216K
  class space    used 75012K, capacity 94413K, committed 94432K, reserved 1048576K
Event: 4081.246 GC heap after
Heap after GC invocations=509 (full 0):
 garbage-first heap   total 8486912K, used 3582273K [0x0000000540000000, 0x0000000542000818, 0x00000007c0000000)
  region size 32768K, 1 young (32768K), 1 survivors (32768K)
 Metaspace       used 397128K, capacity 462269K, committed 462468K, reserved 1417216K
  class space    used 75012K, capacity 94413K, committed 94432K, reserved 1048576K
}
Event: 4090.386 GC heap before
{Heap before GC invocations=509 (full 0):
 garbage-first heap   total 8486912K, used 5220673K [0x0000000540000000, 0x0000000542000818, 0x00000007c0000000)
  region size 32768K, 51 young (1671168K), 1 survivors (32768K)
 Metaspace       used 397128K, capacity 462269K, committed 462468K, reserved 1417216K
  class space    used 75012K, capacity 94413K, committed 94432K, reserved 1048576K
Event: 4090.432 GC heap after
Heap after GC invocations=510 (full 0):
 garbage-first heap   total 8486912K, used 3585901K [0x0000000540000000, 0x0000000542000818, 0x00000007c0000000)
  region size 32768K, 1 young (32768K), 1 survivors (32768K)
 Metaspace       used 397128K, capacity 462269K, committed 462468K, reserved 1417216K
  class space    used 75012K, capacity 94413K, committed 94432K, reserved 1048576K
}
Event: 4098.697 GC heap before
{Heap before GC invocations=510 (full 0):
 garbage-first heap   total 8486912K, used 5224301K [0x0000000540000000, 0x0000000542000818, 0x00000007c0000000)
  region size 32768K, 51 young (1671168K), 1 survivors (32768K)
 Metaspace       used 397146K, capacity 462277K, committed 462468K, reserved 1417216K
  class space    used 75012K, capacity 94413K, committed 94432K, reserved 1048576K
Event: 4098.746 GC heap after
Heap after GC invocations=511 (full 0):
 garbage-first heap   total 8486912K, used 3579903K [0x0000000540000000, 0x0000000542000818, 0x00000007c0000000)
  region size 32768K, 1 young (32768K), 1 survivors (32768K)
 Metaspace       used 397146K, capacity 462277K, committed 462468K, reserved 1417216K
  class space    used 75012K, capacity 94413K, committed 94432K, reserved 1048576K
}
Event: 4108.674 GC heap before
{Heap before GC invocations=511 (full 0):
 garbage-first heap   total 8486912K, used 5840895K [0x0000000540000000, 0x0000000542000818, 0x00000007c0000000)
  region size 32768K, 70 young (2293760K), 1 survivors (32768K)
 Metaspace       used 397147K, capacity 462277K, committed 462468K, reserved 1417216K
  class space    used 75012K, capacity 94413K, committed 94432K, reserved 1048576K
Event: 4108.722 GC heap after
Heap after GC invocations=512 (full 0):
 garbage-first heap   total 8486912K, used 3585441K [0x0000000540000000, 0x0000000542000818, 0x00000007c0000000)
  region size 32768K, 1 young (32768K), 1 survivors (32768K)
 Metaspace       used 397147K, capacity 462277K, committed 462468K, reserved 1417216K
  class space    used 75012K, capacity 94413K, committed 94432K, reserved 1048576K
}

Deoptimization events (10 events):
Event: 4013.508 Thread 0x0000000002714000 Uncommon trap: reason=bimorphic action=maybe_recompile pc=0x000000000c7c9540 method=mekanism.client.gui.element.GuiElement.getGuiLeft()I @ 4
Event: 4013.508 Thread 0x0000000002714000 Uncommon trap: reason=bimorphic action=maybe_recompile pc=0x000000000c7c9540 method=mekanism.client.gui.element.GuiElement.getGuiLeft()I @ 4
Event: 4039.927 Thread 0x0000000002714000 Uncommon trap: reason=class_check action=maybe_recompile pc=0x000000000c679860 method=mekanism.api.chemical.infuse.InfuseType.getFromRegistry(Lnet/minecraft/util/ResourceLocation;)Lmekanism/api/chemical/infuse/InfuseType; @ 10
Event: 4039.927 Thread 0x0000000002714000 Uncommon trap: reason=class_check action=maybe_recompile pc=0x000000000c679860 method=mekanism.api.chemical.infuse.InfuseType.getFromRegistry(Lnet/minecraft/util/ResourceLocation;)Lmekanism/api/chemical/infuse/InfuseType; @ 10
Event: 4039.927 Thread 0x0000000002714000 Uncommon trap: reason=class_check action=maybe_recompile pc=0x000000000c679860 method=mekanism.api.chemical.infuse.InfuseType.getFromRegistry(Lnet/minecraft/util/ResourceLocation;)Lmekanism/api/chemical/infuse/InfuseType; @ 10
Event: 4039.927 Thread 0x0000000002714000 Uncommon trap: reason=class_check action=maybe_recompile pc=0x000000000c679860 method=mekanism.api.chemical.infuse.InfuseType.getFromRegistry(Lnet/minecraft/util/ResourceLocation;)Lmekanism/api/chemical/infuse/InfuseType; @ 10
Event: 4044.748 Thread 0x0000000002714000 Uncommon trap: reason=bimorphic action=maybe_recompile pc=0x000000000bb5890c method=mekanism.api.chemical.ChemicalStack.getChemicalColorRepresentation()I @ 4
Event: 4044.777 Thread 0x0000000002714000 Uncommon trap: reason=bimorphic action=maybe_recompile pc=0x000000000bb5890c method=mekanism.api.chemical.ChemicalStack.getChemicalColorRepresentation()I @ 4
Event: 4044.792 Thread 0x0000000002714000 Uncommon trap: reason=bimorphic action=maybe_recompile pc=0x000000000bb5890c method=mekanism.api.chemical.ChemicalStack.getChemicalColorRepresentation()I @ 4
Event: 4044.805 Thread 0x0000000002714000 Uncommon trap: reason=bimorphic action=maybe_recompile pc=0x000000000bb5890c method=mekanism.api.chemical.ChemicalStack.getChemicalColorRepresentation()I @ 4

Internal exceptions (10 events):
Event: 3953.308 Thread 0x00000000fc8c0800 Exception <a 'sun/nio/fs/WindowsException'> (0x000000073f02be98) thrown at [C:\re\workspace\8-2-build-windows-amd64-cygwin\jdk8u51\3951\hotspot\src\share\vm\prims\jni.cpp, line 709]
Event: 3953.308 Thread 0x00000000fc8c0800 Exception <a 'sun/nio/fs/WindowsException'> (0x000000073f02cdf0) thrown at [C:\re\workspace\8-2-build-windows-amd64-cygwin\jdk8u51\3951\hotspot\src\share\vm\prims\jni.cpp, line 709]
Event: 3956.959 Thread 0x000000007f906000 Exception <a 'sun/nio/fs/WindowsException'> (0x0000000728b5bd40) thrown at [C:\re\workspace\8-2-build-windows-amd64-cygwin\jdk8u51\3951\hotspot\src\share\vm\prims\jni.cpp, line 709]
Event: 3957.009 Thread 0x000000007f906000 Exception <a 'sun/nio/fs/WindowsException'> (0x0000000728b609a8) thrown at [C:\re\workspace\8-2-build-windows-amd64-cygwin\jdk8u51\3951\hotspot\src\share\vm\prims\jni.cpp, line 709]
Event: 4017.059 Thread 0x000000010066d800 Exception <a 'sun/nio/fs/WindowsException'> (0x000000073bfe2b98) thrown at [C:\re\workspace\8-2-build-windows-amd64-cygwin\jdk8u51\3951\hotspot\src\share\vm\prims\jni.cpp, line 709]
Event: 4017.109 Thread 0x000000010066d800 Exception <a 'sun/nio/fs/WindowsException'> (0x000000073bfe7800) thrown at [C:\re\workspace\8-2-build-windows-amd64-cygwin\jdk8u51\3951\hotspot\src\share\vm\prims\jni.cpp, line 709]
Event: 4077.161 Thread 0x000000010066d800 Exception <a 'sun/nio/fs/WindowsException'> (0x0000000708e42a68) thrown at [C:\re\workspace\8-2-build-windows-amd64-cygwin\jdk8u51\3951\hotspot\src\share\vm\prims\jni.cpp, line 709]
Event: 4077.209 Thread 0x000000010066d800 Exception <a 'sun/nio/fs/WindowsException'> (0x0000000708e476d0) thrown at [C:\re\workspace\8-2-build-windows-amd64-cygwin\jdk8u51\3951\hotspot\src\share\vm\prims\jni.cpp, line 709]
Event: 4099.433 Thread 0x0000000002714000 Exception <a 'java/lang/NullPointerException'> (0x0000000740b982e0) thrown at [C:\re\workspace\8-2-build-windows-amd64-cygwin\jdk8u51\3951\hotspot\src\share\vm\interpreter\linkResolver.cpp, line 1280]
Event: 4099.433 Thread 0x0000000002714000 Exception <a 'java/io/IOException'> (0x0000000740b98fd8) thrown at [C:\re\workspace\8-2-build-windows-amd64-cygwin\jdk8u51\3951\hotspot\src\share\vm\prims\jni.cpp, line 709]

Events (10 events):
Event: 4108.647 Thread 0x000000002fdf6000 flushing nmethod 0x000000000a083e50
Event: 4108.649 Thread 0x000000002fdf6000 flushing nmethod 0x000000000a505f10
Event: 4108.649 Thread 0x000000002fdf6000 flushing nmethod 0x000000000a6ba810
Event: 4108.650 Thread 0x000000002fdf6000 flushing nmethod 0x000000000a76a010
Event: 4108.650 Thread 0x000000002fdf6000 flushing nmethod 0x000000000a7a2450
Event: 4108.650 Thread 0x000000002fdf6000 flushing nmethod 0x000000000a801e50
Event: 4108.651 Thread 0x000000002fdf6000 flushing nmethod 0x000000000a8cae50
Event: 4108.651 Thread 0x000000002fdf6000 flushing nmethod 0x000000000a8f0810
Event: 4108.674 Executing VM operation: G1IncCollectionPause
Event: 4108.722 Executing VM operation: G1IncCollectionPause done


Dynamic libraries:
0x00007ff70bc90000 - 0x00007ff70bcc7000 	C:\Users\sourd\Documents\CurseForge\Install\runtime\jre-legacy\windows-x64\jre-legacy\bin\javaw.exe
0x00007ffd2dd30000 - 0x00007ffd2df25000 	C:\Windows\SYSTEM32\ntdll.dll
0x00007ffd2dc30000 - 0x00007ffd2dcee000 	C:\Windows\System32\KERNEL32.DLL
0x00007ffd2b560000 - 0x00007ffd2b828000 	C:\Windows\System32\KERNELBASE.dll
0x00007ffd2bf80000 - 0x00007ffd2c02e000 	C:\Windows\System32\ADVAPI32.dll
0x00007ffd2c930000 - 0x00007ffd2c9ce000 	C:\Windows\System32\msvcrt.dll
0x00007ffd2ccb0000 - 0x00007ffd2cd4c000 	C:\Windows\System32\sechost.dll
0x00007ffd2ce30000 - 0x00007ffd2cf55000 	C:\Windows\System32\RPCRT4.dll
0x00007ffd2d490000 - 0x00007ffd2d630000 	C:\Windows\System32\USER32.dll
0x00007ffd2b830000 - 0x00007ffd2b852000 	C:\Windows\System32\win32u.dll
0x00007ffd2dab0000 - 0x00007ffd2dadb000 	C:\Windows\System32\GDI32.dll
0x00007ffd2b450000 - 0x00007ffd2b55b000 	C:\Windows\System32\gdi32full.dll
0x00007ffd2b940000 - 0x00007ffd2b9dd000 	C:\Windows\System32\msvcp_win.dll
0x00007ffd2ba70000 - 0x00007ffd2bb70000 	C:\Windows\System32\ucrtbase.dll
0x00007ffd1fc70000 - 0x00007ffd1ff0a000 	C:\Windows\WinSxS\amd64_microsoft.windows.common-controls_6595b64144ccf1df_6.0.19041.1110_none_60b5254171f9507e\COMCTL32.dll
0x00007ffd2c9f0000 - 0x00007ffd2ca20000 	C:\Windows\System32\IMM32.DLL
0x000000006b4a0000 - 0x000000006b572000 	C:\Users\sourd\Documents\CurseForge\Install\runtime\jre-legacy\windows-x64\jre-legacy\bin\msvcr100.dll
0x000000006ac10000 - 0x000000006b493000 	C:\Users\sourd\Documents\CurseForge\Install\runtime\jre-legacy\windows-x64\jre-legacy\bin\server\jvm.dll
0x00007ffd2cab0000 - 0x00007ffd2cab8000 	C:\Windows\System32\PSAPI.DLL
0x00007ffd23a00000 - 0x00007ffd23a27000 	C:\Windows\SYSTEM32\WINMM.dll
0x00007ffd25260000 - 0x00007ffd2526a000 	C:\Windows\SYSTEM32\VERSION.dll
0x00007ffd272f0000 - 0x00007ffd272f9000 	C:\Windows\SYSTEM32\WSOCK32.dll
0x00007ffd2cdb0000 - 0x00007ffd2ce1b000 	C:\Windows\System32\ws2_32.DLL
0x000000006ac00000 - 0x000000006ac0f000 	C:\Users\sourd\Documents\CurseForge\Install\runtime\jre-legacy\windows-x64\jre-legacy\bin\verify.dll
0x000000006abd0000 - 0x000000006abf9000 	C:\Users\sourd\Documents\CurseForge\Install\runtime\jre-legacy\windows-x64\jre-legacy\bin\java.dll
0x000000006abb0000 - 0x000000006abc6000 	C:\Users\sourd\Documents\CurseForge\Install\runtime\jre-legacy\windows-x64\jre-legacy\bin\zip.dll
0x00007ffd2c1e0000 - 0x00007ffd2c924000 	C:\Windows\System32\SHELL32.dll
0x00007ffd29580000 - 0x00007ffd29d14000 	C:\Windows\SYSTEM32\windows.storage.dll
0x00007ffd2d750000 - 0x00007ffd2daa4000 	C:\Windows\System32\combase.dll
0x00007ffd2aeb0000 - 0x00007ffd2aedc000 	C:\Windows\SYSTEM32\Wldp.dll
0x00007ffd2cf70000 - 0x00007ffd2d01d000 	C:\Windows\System32\SHCORE.dll
0x00007ffd2cd50000 - 0x00007ffd2cda5000 	C:\Windows\System32\shlwapi.dll
0x00007ffd2b390000 - 0x00007ffd2b3af000 	C:\Windows\SYSTEM32\profapi.dll
0x000000006aba0000 - 0x000000006abad000 	C:\Users\sourd\Documents\CurseForge\Install\runtime\jre-legacy\windows-x64\jre-legacy\bin\management.dll
0x000000006ab80000 - 0x000000006ab9a000 	C:\Users\sourd\Documents\CurseForge\Install\runtime\jre-legacy\windows-x64\jre-legacy\bin\net.dll
0x00007ffd2ac10000 - 0x00007ffd2ac7a000 	C:\Windows\system32\mswsock.dll
0x00007ffd15700000 - 0x00007ffd15717000 	C:\Windows\system32\napinsp.dll
0x00007ffd154e0000 - 0x00007ffd154fb000 	C:\Windows\system32\pnrpnsp.dll
0x00007ffd10230000 - 0x00007ffd10245000 	C:\Windows\system32\wshbth.dll
0x00007ffd27120000 - 0x00007ffd2713d000 	C:\Windows\system32\NLAapi.dll
0x00007ffd2a8b0000 - 0x00007ffd2a8eb000 	C:\Windows\SYSTEM32\IPHLPAPI.DLL
0x00007ffd2a900000 - 0x00007ffd2a9ca000 	C:\Windows\SYSTEM32\DNSAPI.dll
0x00007ffd2ce20000 - 0x00007ffd2ce28000 	C:\Windows\System32\NSI.dll
0x00007ffd13930000 - 0x00007ffd13942000 	C:\Windows\System32\winrnr.dll
0x00007ffd24470000 - 0x00007ffd2447a000 	C:\Windows\System32\rasadhlp.dll
0x00007ffd1ed70000 - 0x00007ffd1edef000 	C:\Windows\System32\fwpuclnt.dll
0x00007ffd2b860000 - 0x00007ffd2b887000 	C:\Windows\System32\bcrypt.dll
0x000000006ab60000 - 0x000000006ab71000 	C:\Users\sourd\Documents\CurseForge\Install\runtime\jre-legacy\windows-x64\jre-legacy\bin\nio.dll
0x000000006ab30000 - 0x000000006ab54000 	C:\Users\sourd\Documents\CurseForge\Install\runtime\jre-legacy\windows-x64\jre-legacy\bin\sunec.dll
0x00007ffd2ae00000 - 0x00007ffd2ae18000 	C:\Windows\SYSTEM32\CRYPTSP.dll
0x00007ffd2a520000 - 0x00007ffd2a554000 	C:\Windows\system32\rsaenh.dll
0x00007ffd2b310000 - 0x00007ffd2b33e000 	C:\Windows\SYSTEM32\USERENV.dll
0x00007ffd2b9e0000 - 0x00007ffd2ba62000 	C:\Windows\System32\bcryptprimitives.dll
0x00007ffd2ae20000 - 0x00007ffd2ae2c000 	C:\Windows\SYSTEM32\CRYPTBASE.dll
0x00007ffd25cb0000 - 0x00007ffd25cc7000 	C:\Windows\SYSTEM32\dhcpcsvc6.DLL
0x00007ffd25bb0000 - 0x00007ffd25bcd000 	C:\Windows\SYSTEM32\dhcpcsvc.DLL
0x00007ffd222f0000 - 0x00007ffd22362000 	C:\Users\sourd\Documents\CurseForge\Install\bin\487e-cba7-cb13-410a\lwjgl.dll
0x00007ffd06020000 - 0x00007ffd06271000 	C:\Users\sourd\Documents\CurseForge\Install\bin\487e-cba7-cb13-410a\jemalloc.dll
0x00007ffd271b0000 - 0x00007ffd2720e000 	C:\Users\sourd\Documents\CurseForge\Install\bin\487e-cba7-cb13-410a\glfw.dll
0x00007ffd28e00000 - 0x00007ffd28e9e000 	C:\Windows\system32\uxtheme.dll
0x00007ffcca750000 - 0x00007ffcca795000 	C:\Windows\SYSTEM32\dinput8.dll
0x00007ffcff820000 - 0x00007ffcff831000 	C:\Windows\SYSTEM32\xinput1_4.dll
0x00007ffd2bd40000 - 0x00007ffd2bd8e000 	C:\Windows\System32\cfgmgr32.dll
0x00007ffd2b1f0000 - 0x00007ffd2b223000 	C:\Windows\SYSTEM32\DEVOBJ.dll
0x00007ffd29090000 - 0x00007ffd290bf000 	C:\Windows\SYSTEM32\dwmapi.dll
0x00007ffd19450000 - 0x00007ffd195a2000 	C:\Windows\SYSTEM32\inputhost.dll
0x00007ffd2db60000 - 0x00007ffd2dc2d000 	C:\Windows\System32\OLEAUT32.dll
0x00007ffd273c0000 - 0x00007ffd27514000 	C:\Windows\SYSTEM32\wintypes.dll
0x00007ffd28a80000 - 0x00007ffd28b72000 	C:\Windows\SYSTEM32\CoreMessaging.dll
0x00007ffd26960000 - 0x00007ffd26a56000 	C:\Windows\SYSTEM32\PROPSYS.dll
0x00007ffd28720000 - 0x00007ffd28a7e000 	C:\Windows\SYSTEM32\CoreUIComponents.dll
0x00007ffd2a150000 - 0x00007ffd2a183000 	C:\Windows\SYSTEM32\ntmarta.dll
0x00007ffd29380000 - 0x00007ffd29392000 	C:\Windows\SYSTEM32\kernel.appcore.dll
0x00007ffd2d630000 - 0x00007ffd2d746000 	C:\Windows\System32\MSCTF.dll
0x00007ffd29d20000 - 0x00007ffd29d2d000 	C:\Windows\SYSTEM32\HID.DLL
0x00007ffd2d020000 - 0x00007ffd2d490000 	C:\Windows\System32\SETUPAPI.DLL
0x00007ffd2bcd0000 - 0x00007ffd2bd38000 	C:\Windows\System32\WINTRUST.dll
0x00007ffd2bb70000 - 0x00007ffd2bcc6000 	C:\Windows\System32\CRYPT32.dll
0x00007ffd2b030000 - 0x00007ffd2b042000 	C:\Windows\SYSTEM32\MSASN1.dll
0x00007ffcf3470000 - 0x00007ffcf3596000 	C:\Windows\SYSTEM32\opengl32.dll
0x00007ffcf3420000 - 0x00007ffcf344c000 	C:\Windows\SYSTEM32\GLU32.dll
0x00007ffd2cb20000 - 0x00007ffd2cbc9000 	C:\Windows\System32\clbcatq.dll
0x00007ffcb2650000 - 0x00007ffcb560f000 	C:\Windows\System32\DriverStore\FileRepository\nv_dispi.inf_amd64_0bc9105c62ca22fb\nvoglv64.dll
0x00007ffd2be50000 - 0x00007ffd2bf7a000 	C:\Windows\System32\ole32.dll
0x00007ffd26de0000 - 0x00007ffd26df4000 	C:\Windows\SYSTEM32\WTSAPI32.dll
0x00007ffd24ed0000 - 0x00007ffd24f01000 	C:\Windows\SYSTEM32\cryptnet.dll
0x00007ffd23d90000 - 0x00007ffd23ed8000 	C:\Windows\SYSTEM32\drvstore.dll
0x00007ffd23b40000 - 0x00007ffd23b7b000 	C:\Windows\SYSTEM32\dxcore.dll
0x00007ffd03b00000 - 0x00007ffd03dc5000 	C:\Windows\system32\nvspcap64.dll
0x00007ffd2aa20000 - 0x00007ffd2aa6b000 	C:\Windows\SYSTEM32\powrprof.dll
0x00007ffd2a890000 - 0x00007ffd2a8a2000 	C:\Windows\SYSTEM32\UMPDC.dll
0x00007ffd2a1c0000 - 0x00007ffd2a21a000 	C:\Windows\SYSTEM32\WINSTA.dll
0x00007ffd215d0000 - 0x00007ffd2164f000 	C:\Users\sourd\Documents\CurseForge\Install\bin\487e-cba7-cb13-410a\lwjgl_stb.dll
0x00007ffd24bd0000 - 0x00007ffd24c7e000 	C:\Windows\SYSTEM32\mscms.dll
0x00007ffd24620000 - 0x00007ffd24631000 	C:\Windows\SYSTEM32\ColorAdapterClient.dll
0x00007ffcee370000 - 0x00007ffcee3b3000 	C:\Windows\SYSTEM32\icm32.dll
0x00007ffd1a240000 - 0x00007ffd1a339000 	C:\Windows\SYSTEM32\textinputframework.dll
0x00007ffd22290000 - 0x00007ffd222e8000 	C:\Users\sourd\Documents\CurseForge\Install\bin\487e-cba7-cb13-410a\lwjgl_opengl.dll
0x00007ffd17d20000 - 0x00007ffd17d62000 	C:\Users\sourd\AppData\Local\Temp\jna-109627787\jna3821184266889806862.dll
0x000000006a990000 - 0x000000006ab28000 	C:\Users\sourd\Documents\CurseForge\Install\runtime\jre-legacy\windows-x64\jre-legacy\bin\awt.dll
0x00007ffd28cc0000 - 0x00007ffd28d50000 	C:\Windows\SYSTEM32\apphelp.dll
0x00007ffd27380000 - 0x00007ffd2739a000 	C:\Users\sourd\Documents\CurseForge\Install\bin\487e-cba7-cb13-410a\SAPIWrapper_x64.dll
0x00007ffd06990000 - 0x00007ffd06b16000 	C:\Windows\System32\Speech\Common\sapi.dll
0x00007ffcf3b80000 - 0x00007ffcf3b9e000 	C:\Windows\SYSTEM32\MSACM32.dll
0x00007ffd15b20000 - 0x00007ffd15b2b000 	C:\Windows\SYSTEM32\msdmo.dll
0x00007ffd169c0000 - 0x00007ffd169e6000 	C:\Windows\SYSTEM32\winmmbase.dll
0x00007ffd251d0000 - 0x00007ffd25255000 	C:\Windows\System32\MMDevApi.dll
0x00007ffd06c20000 - 0x00007ffd06d34000 	C:\Users\sourd\Documents\CurseForge\Install\bin\487e-cba7-cb13-410a\OpenAL.dll
0x00007ffd25a20000 - 0x00007ffd25ba2000 	C:\Windows\SYSTEM32\AUDIOSES.DLL
0x00007ffd28f90000 - 0x00007ffd28fa4000 	C:\Windows\SYSTEM32\resourcepolicyclient.dll
0x00007ffcbcd70000 - 0x00007ffcbcf49000 	C:\Users\sourd\AppData\Local\Discord\app-1.0.9004\modules\discord_hook-1\discord_hook\651ad00fcd2\DiscordHook64.dll
0x00007ffd29d60000 - 0x00007ffd29e53000 	C:\Windows\SYSTEM32\dxgi.dll
0x00007ffd27520000 - 0x00007ffd27784000 	C:\Windows\SYSTEM32\d3d11.dll
0x00007ffd23a30000 - 0x00007ffd23b36000 	C:\Windows\System32\DriverStore\FileRepository\nv_dispi.inf_amd64_0bc9105c62ca22fb\nvldumdx.dll
0x00007ffd2c9d0000 - 0x00007ffd2c9ed000 	C:\Windows\System32\imagehlp.dll
0x00007ffcf7610000 - 0x00007ffcf9f3b000 	C:\Windows\System32\DriverStore\FileRepository\nv_dispi.inf_amd64_0bc9105c62ca22fb\nvwgf2umx.dll
0x00007ffd1ef40000 - 0x00007ffd1f6a2000 	C:\Windows\SYSTEM32\nvapi64.dll
0x00007ffd27790000 - 0x00007ffd27bed000 	C:\Windows\SYSTEM32\D3DCompiler_47.dll
0x00007ffd208c0000 - 0x00007ffd20aa4000 	C:\Windows\SYSTEM32\dbghelp.dll

VM Arguments:
jvm_args: -XX:HeapDumpPath=MojangTricksIntelDriversForPerformance_javaw.exe_minecraft.exe.heapdump -Dos.name=Windows 10 -Dos.version=10.0 -Xss1M -Djava.library.path=C:\Users\sourd\Documents\CurseForge\Install\bin\487e-cba7-cb13-410a -Dminecraft.launcher.brand=minecraft-launcher -Dminecraft.launcher.version=2.2.12145 -Xmx10240m -Xms256m -Dminecraft.applet.TargetDirectory=C:\Users\sourd\Documents\CurseForge\Instances\Kubdom  To the sky -Dfml.ignorePatchDiscrepancies=true -Dfml.ignoreInvalidMinecraftCertificates=true -Duser.language=en -Duser.country=US -Xmx10G -XX:+UnlockExperimentalVMOptions -XX:+UseG1GC -XX:G1NewSizePercent=20 -XX:G1ReservePercent=20 -XX:MaxGCPauseMillis=50 -XX:G1HeapRegionSize=32M -Dlog4j.configurationFile=C:\Users\sourd\Documents\CurseForge\Install\assets\log_configs\client-1.12.xml 
java_command: cpw.mods.modlauncher.Launcher --username Aoxis_ --version forge-36.2.29 --gameDir C:\Users\sourd\Documents\CurseForge\Instances\Kubdom  To the sky --assetsDir C:\Users\sourd\Documents\CurseForge\Install\assets --assetIndex 1.16 --uuid a86ce824271c46e9bf8308b09c4397e8 --accessToken eyJhbGciOiJIUzI1NiJ9.eyJ4dWlkIjoiMjUzNTQ0ODU0MjcwMTk5MSIsImFnZyI6IkFkdWx0Iiwic3ViIjoiMGI1MDE2M2YtZGQwYy00NTc3LWJkN2ItMmExNjcxNjFlYzg2IiwibmJmIjoxNjQ5Nzc3NTQ1LCJhdXRoIjoiWEJPWCIsInJvbGVzIjpbXSwiaXNzIjoiYXV0aGVudGljYXRpb24iLCJleHAiOjE2NDk4NjM5NDUsImlhdCI6MTY0OTc3NzU0NSwicGxhdGZvcm0iOiJQQ19MQVVOQ0hFUiIsInl1aWQiOiI5OGRlMDQ4NDEzNzBiMmJlMTg3ZTE5YzU3Y2MxNjFkZiJ9.Og2rthWs28PUCHyu7NXAiuFbfsihoaHyIP-mYKxuuko --userType msa --versionType release --width 1024 --height 768 --launchTarget fmlclient --fml.forgeVersion 36.2.29 --fml.mcVersion 1.16.5 --fml.forgeGroup net.minecraftforge --fml.mcpVersion 20210115.111550
java_class_path (initial): C:\Users\sourd\Documents\CurseForge\Install\libraries\net\minecraftforge\forge\1.16.5-36.2.29\forge-1.16.5-36.2.29.jar;C:\Users\sourd\Documents\CurseForge\Install\libraries\org\ow2\asm\asm\9.1\asm-9.1.jar;C:\Users\sourd\Documents\CurseForge\Install\libraries\org\ow2\asm\asm-commons\9.1\asm-commons-9.1.jar;C:\Users\sourd\Documents\CurseForge\Install\libraries\org\ow2\asm\asm-tree\9.1\asm-tree-9.1.jar;C:\Users\sourd\Documents\CurseForge\Install\libraries\org\ow2\asm\asm-util\9.1\asm-util-9.1.jar;C:\Users\sourd\Documents\CurseForge\Install\libraries\org\ow2\asm\asm-analysis\9.1\asm-analysis-9.1.jar;C:\Users\sourd\Documents\CurseForge\Install\libraries\cpw\mods\modlauncher\8.1.3\modlauncher-8.1.3.jar;C:\Users\sourd\Documents\CurseForge\Install\libraries\cpw\mods\grossjava9hacks\1.3.3\grossjava9hacks-1.3.3.jar;C:\Users\sourd\Documents\CurseForge\Install\libraries\net\minecraftforge\accesstransformers\3.0.1\accesstransformers-3.0.1.jar;C:\Users\sourd\Documents\CurseForge\Install\libraries\org\antlr\antlr4-runtime\4.9.1\antlr4-runtime-4.9.1.jar;C:\Users\sourd\Documents\CurseForge\Install\libraries\net\minecraftforge\eventbus\4.0.0\eventbus-4.0.0.jar;C:\Users\sourd\Documents\CurseForge\Install\libraries\net\minecraftforge\forgespi\3.2.0\forgespi-3.2.0.jar;C:\Users\sourd\Documents\CurseForge\Install\libraries\net\minecraftforge\coremods\4.0.6\coremods-4.0.6.jar;C:\Users\sourd\Documents\CurseForge\Install\libraries\net\minecraftforge\unsafe\0.2.0\unsafe-0.2.0.jar;C:\Users\sourd\Documents\CurseForge\Install\libraries\com\electronwill\night-config\core\3.6.3\core-3.6.3.jar;C:\Users\sourd\Documents\CurseForge\Install\libraries\com\electronwill\night-config\toml\3.6.3\toml-3.6.3.jar;C:\Users\sourd\Documents\CurseForge\Install\libraries\org\jline\jline\3.12.1\jline-3.12.1.jar;C:\Users\sourd\Documents\CurseForge\Install\libraries\org\apache\maven\maven-artifact\3.6.3\maven-artifact-3.6.3.jar;C:\Users\sourd\Documents\CurseForge\Install\libraries\net\joda
Launcher Type: SUN_STANDARD

Environment Variables:
PATH=C:\Program Files (x86)\Common Files\Oracle\Java\javapath;C:\Windows\system32;C:\Windows;C:\Windows\System32\Wbem;C:\Windows\System32\WindowsPowerShell\v1.0\;C:\Windows\System32\OpenSSH\;C:\Program Files\NVIDIA Corporation\NVIDIA NvDLISR;C:\Program Files (x86)\NVIDIA Corporation\PhysX\Common;E:\QuickTime\QTSystem\;C:\Program Files\Git\cmd;C:\Users\sourd\AppData\Local\Microsoft\WindowsApps;;C:\Users\sourd\AppData\Local\Programs\Microsoft VS Code\bin
USERNAME=sourd
OS=Windows_NT
PROCESSOR_IDENTIFIER=AMD64 Family 23 Model 1 Stepping 1, AuthenticAMD



---------------  S Y S T E M  ---------------

OS: Windows 10.0 , 64 bit Build 19041 (10.0.19041.1566)

CPU:total 8 (8 cores per cpu, 1 threads per core) family 23 model 1 stepping 1, cmov, cx8, fxsr, mmx, sse, sse2, sse3, ssse3, sse4.1, sse4.2, popcnt, avx, avx2, aes, clmul, mmxext, 3dnowpref, lzcnt, sse4a, tsc, tscinvbit, tscinv, bmi1

Memory: 4k page, physical 16724628k(1157052k free), swap 39382144k(4649548k free)

vm_info: Java HotSpot(TM) 64-Bit Server VM (25.51-b03) for windows-amd64 JRE (1.8.0_51-b16), built on Jun  8 2015 18:03:07 by "java_re" with MS VC++ 10.0 (VS2010)

time: Tue Apr 12 18:41:17 2022
elapsed time: 4110 seconds (0d 1h 8m 30s)

